<?xml version="1.0" encoding="utf-8"?>
<CoverageSession xmlns:xsd="http://www.w3.org/2001/XMLSchema" xmlns:xsi="http://www.w3.org/2001/XMLSchema-instance">
  <Summary numSequencePoints="769" visitedSequencePoints="371" numBranchPoints="249" visitedBranchPoints="99" sequenceCoverage="48.24" branchCoverage="39.76" maxCyclomaticComplexity="13" minCyclomaticComplexity="1" visitedClasses="11" numClasses="27" visitedMethods="73" numMethods="182" />
  <Modules>
    <Module hash="77-5F-A0-DD-4F-D9-3A-AF-A7-22-B8-62-09-6B-22-FF-DC-E6-4E-B3">
      <Summary numSequencePoints="769" visitedSequencePoints="371" numBranchPoints="249" visitedBranchPoints="99" sequenceCoverage="48.24" branchCoverage="39.76" maxCyclomaticComplexity="13" minCyclomaticComplexity="1" visitedClasses="11" numClasses="27" visitedMethods="73" numMethods="182" />
      <ModulePath>C:\git\litedb-sync\sync-lib\source\LiteDB.Sync.Tests\bin\Debug\net47\LiteDB.Sync.dll</ModulePath>
      <ModuleTime>2017-06-01T12:34:01.6105215Z</ModuleTime>
      <ModuleName>LiteDB.Sync</ModuleName>
      <Files>
        <File uid="1" fullPath="C:\git\litedb-sync\sync-lib\source\LiteDB.Sync\ILiteSyncCloudProvider.cs" />
        <File uid="2" fullPath="C:\git\litedb-sync\sync-lib\source\LiteDB.Sync\LiteSyncCollection.cs" />
        <File uid="4" fullPath="C:\git\litedb-sync\sync-lib\source\LiteDB.Sync\LiteSyncConfiguration.cs" />
        <File uid="5" fullPath="C:\git\litedb-sync\sync-lib\source\LiteDB.Sync\LiteSyncConflict.cs" />
        <File uid="6" fullPath="C:\git\litedb-sync\sync-lib\source\LiteDB.Sync\LiteSyncDatabase.cs" />
        <File uid="7" fullPath="C:\git\litedb-sync\sync-lib\source\LiteDB.Sync\LiteSynchronizer.cs" />
        <File uid="10" fullPath="C:\git\litedb-sync\sync-lib\source\LiteDB.Sync\LiteSyncRepository.cs" />
        <File uid="11" fullPath="C:\git\litedb-sync\sync-lib\source\LiteDB.Sync\LiteSyncService.cs" />
        <File uid="12" fullPath="C:\git\litedb-sync\sync-lib\source\LiteDB.Sync\Internal\CloudClient.cs" />
        <File uid="13" fullPath="C:\git\litedb-sync\sync-lib\source\LiteDB.Sync\Internal\DeletedEntity.cs" />
        <File uid="14" fullPath="C:\git\litedb-sync\sync-lib\source\LiteDB.Sync\Internal\EntityChange.cs" />
        <File uid="15" fullPath="C:\git\litedb-sync\sync-lib\source\LiteDB.Sync\Internal\EntityId.cs" />
        <File uid="16" fullPath="C:\git\litedb-sync\sync-lib\source\LiteDB.Sync\Internal\Extensions.cs" />
        <File uid="17" fullPath="C:\git\litedb-sync\sync-lib\source\LiteDB.Sync\Internal\Factory.cs" />
        <File uid="18" fullPath="C:\git\litedb-sync\sync-lib\source\LiteDB.Sync\Internal\Head.cs" />
        <File uid="19" fullPath="C:\git\litedb-sync\sync-lib\source\LiteDB.Sync\Internal\Patch.cs" />
        <File uid="22" fullPath="C:\git\litedb-sync\sync-lib\source\LiteDB.Sync\Internal\PullResult.cs" />
        <File uid="23" fullPath="C:\git\litedb-sync\sync-lib\source\LiteDB.Sync\Exceptions\LiteSyncCloudAuthFailedException.cs" />
        <File uid="24" fullPath="C:\git\litedb-sync\sync-lib\source\LiteDB.Sync\Exceptions\LiteSyncCloudOperationFailedException.cs" />
        <File uid="25" fullPath="C:\git\litedb-sync\sync-lib\source\LiteDB.Sync\Exceptions\LiteSyncConflictNotResolvedException.cs" />
        <File uid="26" fullPath="C:\git\litedb-sync\sync-lib\source\LiteDB.Sync\Exceptions\LiteSyncException.cs" />
        <File uid="27" fullPath="C:\git\litedb-sync\sync-lib\source\LiteDB.Sync\Exceptions\LiteSyncInvalidEntityException.cs" />
      </Files>
      <Classes>
        <Class>
          <Summary numSequencePoints="10" visitedSequencePoints="0" numBranchPoints="4" visitedBranchPoints="0" sequenceCoverage="0" branchCoverage="0" maxCyclomaticComplexity="1" minCyclomaticComplexity="1" visitedClasses="0" numClasses="1" visitedMethods="0" numMethods="4" />
          <FullName>LiteDB.Sync.HeadDownloadResult</FullName>
          <Methods>
            <Method visited="false" cyclomaticComplexity="1" nPathComplexity="0" sequenceCoverage="0" branchCoverage="0" isConstructor="false" isStatic="false" isGetter="true" isSetter="false">
              <Summary numSequencePoints="1" visitedSequencePoints="0" numBranchPoints="1" visitedBranchPoints="0" sequenceCoverage="0" branchCoverage="0" maxCyclomaticComplexity="1" minCyclomaticComplexity="1" visitedClasses="0" numClasses="0" visitedMethods="0" numMethods="1" />
              <MetadataToken>100663303</MetadataToken>
              <Name>System.IO.Stream LiteDB.Sync.HeadDownloadResult::get_Content()</Name>
              <FileRef uid="1" />
              <SequencePoints>
                <SequencePoint vc="0" uspid="1" ordinal="0" offset="0" sl="29" sc="33" el="29" ec="37" bec="0" bev="0" fileid="1" />
              </SequencePoints>
              <BranchPoints />
              <MethodPoint xsi:type="SequencePoint" vc="0" uspid="1" ordinal="0" offset="0" sl="29" sc="33" el="29" ec="37" bec="0" bev="0" fileid="1" />
            </Method>
            <Method visited="false" cyclomaticComplexity="1" nPathComplexity="0" sequenceCoverage="0" branchCoverage="0" isConstructor="false" isStatic="false" isGetter="true" isSetter="false">
              <Summary numSequencePoints="1" visitedSequencePoints="0" numBranchPoints="1" visitedBranchPoints="0" sequenceCoverage="0" branchCoverage="0" maxCyclomaticComplexity="1" minCyclomaticComplexity="1" visitedClasses="0" numClasses="0" visitedMethods="0" numMethods="1" />
              <MetadataToken>100663304</MetadataToken>
              <Name>System.String LiteDB.Sync.HeadDownloadResult::get_Etag()</Name>
              <FileRef uid="1" />
              <SequencePoints>
                <SequencePoint vc="0" uspid="2" ordinal="0" offset="0" sl="31" sc="30" el="31" ec="34" bec="0" bev="0" fileid="1" />
              </SequencePoints>
              <BranchPoints />
              <MethodPoint xsi:type="SequencePoint" vc="0" uspid="2" ordinal="0" offset="0" sl="31" sc="30" el="31" ec="34" bec="0" bev="0" fileid="1" />
            </Method>
            <Method visited="false" cyclomaticComplexity="1" nPathComplexity="0" sequenceCoverage="0" branchCoverage="0" isConstructor="true" isStatic="false" isGetter="false" isSetter="false">
              <Summary numSequencePoints="5" visitedSequencePoints="0" numBranchPoints="1" visitedBranchPoints="0" sequenceCoverage="0" branchCoverage="0" maxCyclomaticComplexity="1" minCyclomaticComplexity="1" visitedClasses="0" numClasses="0" visitedMethods="0" numMethods="1" />
              <MetadataToken>100663302</MetadataToken>
              <Name>System.Void LiteDB.Sync.HeadDownloadResult::.ctor(System.IO.Stream,System.String)</Name>
              <FileRef uid="1" />
              <SequencePoints>
                <SequencePoint vc="0" uspid="3" ordinal="0" offset="0" sl="23" sc="9" el="23" ec="63" bec="0" bev="0" fileid="1" />
                <SequencePoint vc="0" uspid="4" ordinal="1" offset="7" sl="24" sc="9" el="24" ec="10" bec="0" bev="0" fileid="1" />
                <SequencePoint vc="0" uspid="5" ordinal="2" offset="8" sl="25" sc="13" el="25" ec="36" bec="0" bev="0" fileid="1" />
                <SequencePoint vc="0" uspid="6" ordinal="3" offset="15" sl="26" sc="13" el="26" ec="30" bec="0" bev="0" fileid="1" />
                <SequencePoint vc="0" uspid="7" ordinal="4" offset="22" sl="27" sc="9" el="27" ec="10" bec="0" bev="0" fileid="1" />
              </SequencePoints>
              <BranchPoints />
              <MethodPoint xsi:type="SequencePoint" vc="0" uspid="3" ordinal="0" offset="0" sl="23" sc="9" el="23" ec="63" bec="0" bev="0" fileid="1" />
            </Method>
            <Method visited="false" cyclomaticComplexity="1" nPathComplexity="0" sequenceCoverage="0" branchCoverage="0" isConstructor="false" isStatic="false" isGetter="false" isSetter="false">
              <Summary numSequencePoints="3" visitedSequencePoints="0" numBranchPoints="1" visitedBranchPoints="0" sequenceCoverage="0" branchCoverage="0" maxCyclomaticComplexity="1" minCyclomaticComplexity="1" visitedClasses="0" numClasses="0" visitedMethods="0" numMethods="1" />
              <MetadataToken>100663305</MetadataToken>
              <Name>System.Void LiteDB.Sync.HeadDownloadResult::Dispose()</Name>
              <FileRef uid="1" />
              <SequencePoints>
                <SequencePoint vc="0" uspid="8" ordinal="0" offset="0" sl="34" sc="9" el="34" ec="10" bec="0" bev="0" fileid="1" />
                <SequencePoint vc="0" uspid="9" ordinal="1" offset="1" sl="35" sc="13" el="35" ec="36" bec="0" bev="0" fileid="1" />
                <SequencePoint vc="0" uspid="10" ordinal="2" offset="13" sl="36" sc="9" el="36" ec="10" bec="0" bev="0" fileid="1" />
              </SequencePoints>
              <BranchPoints />
              <MethodPoint xsi:type="SequencePoint" vc="0" uspid="8" ordinal="0" offset="0" sl="34" sc="9" el="34" ec="10" bec="0" bev="0" fileid="1" />
            </Method>
          </Methods>
        </Class>
        <Class>
          <Summary numSequencePoints="260" visitedSequencePoints="212" numBranchPoints="66" visitedBranchPoints="48" sequenceCoverage="81.54" branchCoverage="72.73" maxCyclomaticComplexity="5" minCyclomaticComplexity="1" visitedClasses="1" numClasses="1" visitedMethods="33" numMethods="48" />
          <FullName>LiteDB.Sync.LiteSyncCollection`1</FullName>
          <Methods>
            <Method visited="true" cyclomaticComplexity="1" nPathComplexity="0" sequenceCoverage="100" branchCoverage="100" isConstructor="false" isStatic="false" isGetter="true" isSetter="false">
              <Summary numSequencePoints="1" visitedSequencePoints="1" numBranchPoints="1" visitedBranchPoints="1" sequenceCoverage="100" branchCoverage="100" maxCyclomaticComplexity="1" minCyclomaticComplexity="1" visitedClasses="0" numClasses="0" visitedMethods="1" numMethods="1" />
              <MetadataToken>100663314</MetadataToken>
              <Name>LiteDB.LiteCollection`1&lt;T&gt; LiteDB.Sync.LiteSyncCollection`1::get_UnderlyingCollection()</Name>
              <FileRef uid="2" />
              <SequencePoints>
                <SequencePoint vc="570" uspid="11" ordinal="0" offset="0" sl="21" sc="57" el="21" ec="61" bec="0" bev="0" fileid="2" />
              </SequencePoints>
              <BranchPoints />
              <MethodPoint xsi:type="SequencePoint" vc="570" uspid="11" ordinal="0" offset="0" sl="21" sc="57" el="21" ec="61" bec="0" bev="0" fileid="2" />
            </Method>
            <Method visited="true" cyclomaticComplexity="1" nPathComplexity="0" sequenceCoverage="100" branchCoverage="100" isConstructor="false" isStatic="false" isGetter="true" isSetter="false">
              <Summary numSequencePoints="1" visitedSequencePoints="1" numBranchPoints="1" visitedBranchPoints="1" sequenceCoverage="100" branchCoverage="100" maxCyclomaticComplexity="1" minCyclomaticComplexity="1" visitedClasses="0" numClasses="0" visitedMethods="1" numMethods="1" />
              <MetadataToken>100663315</MetadataToken>
              <Name>System.String LiteDB.Sync.LiteSyncCollection`1::get_Name()</Name>
              <FileRef uid="2" />
              <SequencePoints>
                <SequencePoint vc="525" uspid="12" ordinal="0" offset="0" sl="23" sc="31" el="23" ec="61" bec="0" bev="0" fileid="2" />
              </SequencePoints>
              <BranchPoints />
              <MethodPoint xsi:type="SequencePoint" vc="525" uspid="12" ordinal="0" offset="0" sl="23" sc="31" el="23" ec="61" bec="0" bev="0" fileid="2" />
            </Method>
            <Method visited="true" cyclomaticComplexity="1" nPathComplexity="0" sequenceCoverage="100" branchCoverage="100" isConstructor="true" isStatic="false" isGetter="false" isSetter="false">
              <Summary numSequencePoints="5" visitedSequencePoints="5" numBranchPoints="1" visitedBranchPoints="1" sequenceCoverage="100" branchCoverage="100" maxCyclomaticComplexity="1" minCyclomaticComplexity="1" visitedClasses="0" numClasses="0" visitedMethods="1" numMethods="1" />
              <MetadataToken>100663313</MetadataToken>
              <Name>System.Void LiteDB.Sync.LiteSyncCollection`1::.ctor(LiteDB.ILiteCollection`1&lt;T&gt;,LiteDB.Sync.LiteSyncDatabase)</Name>
              <FileRef uid="2" />
              <SequencePoints>
                <SequencePoint vc="48" uspid="13" ordinal="0" offset="0" sl="15" sc="9" el="15" ec="104" bec="0" bev="0" fileid="2" />
                <SequencePoint vc="48" uspid="14" ordinal="1" offset="7" sl="16" sc="9" el="16" ec="10" bec="0" bev="0" fileid="2" />
                <SequencePoint vc="48" uspid="15" ordinal="2" offset="8" sl="17" sc="13" el="17" ec="83" bec="0" bev="0" fileid="2" />
                <SequencePoint vc="48" uspid="16" ordinal="3" offset="20" sl="18" sc="13" el="18" ec="38" bec="0" bev="0" fileid="2" />
                <SequencePoint vc="48" uspid="17" ordinal="4" offset="27" sl="19" sc="9" el="19" ec="10" bec="0" bev="0" fileid="2" />
              </SequencePoints>
              <BranchPoints />
              <MethodPoint xsi:type="SequencePoint" vc="48" uspid="13" ordinal="0" offset="0" sl="15" sc="9" el="15" ec="104" bec="0" bev="0" fileid="2" />
            </Method>
            <Method visited="true" cyclomaticComplexity="1" nPathComplexity="0" sequenceCoverage="100" branchCoverage="100" isConstructor="false" isStatic="false" isGetter="false" isSetter="false">
              <Summary numSequencePoints="3" visitedSequencePoints="3" numBranchPoints="1" visitedBranchPoints="1" sequenceCoverage="100" branchCoverage="100" maxCyclomaticComplexity="1" minCyclomaticComplexity="1" visitedClasses="0" numClasses="0" visitedMethods="1" numMethods="1" />
              <MetadataToken>100663316</MetadataToken>
              <Name>System.Int32 LiteDB.Sync.LiteSyncCollection`1::Count()</Name>
              <FileRef uid="2" />
              <SequencePoints>
                <SequencePoint vc="1" uspid="18" ordinal="0" offset="0" sl="26" sc="9" el="26" ec="10" bec="0" bev="0" fileid="2" />
                <SequencePoint vc="1" uspid="19" ordinal="1" offset="1" sl="27" sc="13" el="27" ec="54" bec="0" bev="0" fileid="2" />
                <SequencePoint vc="1" uspid="20" ordinal="2" offset="15" sl="28" sc="9" el="28" ec="10" bec="0" bev="0" fileid="2" />
              </SequencePoints>
              <BranchPoints />
              <MethodPoint xsi:type="SequencePoint" vc="1" uspid="18" ordinal="0" offset="0" sl="26" sc="9" el="26" ec="10" bec="0" bev="0" fileid="2" />
            </Method>
            <Method visited="true" cyclomaticComplexity="1" nPathComplexity="0" sequenceCoverage="100" branchCoverage="100" isConstructor="false" isStatic="false" isGetter="false" isSetter="false">
              <Summary numSequencePoints="3" visitedSequencePoints="3" numBranchPoints="1" visitedBranchPoints="1" sequenceCoverage="100" branchCoverage="100" maxCyclomaticComplexity="1" minCyclomaticComplexity="1" visitedClasses="0" numClasses="0" visitedMethods="1" numMethods="1" />
              <MetadataToken>100663317</MetadataToken>
              <Name>System.Int32 LiteDB.Sync.LiteSyncCollection`1::Count(LiteDB.Query)</Name>
              <FileRef uid="2" />
              <SequencePoints>
                <SequencePoint vc="1" uspid="21" ordinal="0" offset="0" sl="31" sc="9" el="31" ec="10" bec="0" bev="0" fileid="2" />
                <SequencePoint vc="1" uspid="22" ordinal="1" offset="1" sl="32" sc="13" el="32" ec="59" bec="0" bev="0" fileid="2" />
                <SequencePoint vc="1" uspid="23" ordinal="2" offset="16" sl="33" sc="9" el="33" ec="10" bec="0" bev="0" fileid="2" />
              </SequencePoints>
              <BranchPoints />
              <MethodPoint xsi:type="SequencePoint" vc="1" uspid="21" ordinal="0" offset="0" sl="31" sc="9" el="31" ec="10" bec="0" bev="0" fileid="2" />
            </Method>
            <Method visited="true" cyclomaticComplexity="1" nPathComplexity="0" sequenceCoverage="100" branchCoverage="100" isConstructor="false" isStatic="false" isGetter="false" isSetter="false">
              <Summary numSequencePoints="3" visitedSequencePoints="3" numBranchPoints="1" visitedBranchPoints="1" sequenceCoverage="100" branchCoverage="100" maxCyclomaticComplexity="1" minCyclomaticComplexity="1" visitedClasses="0" numClasses="0" visitedMethods="1" numMethods="1" />
              <MetadataToken>100663318</MetadataToken>
              <Name>System.Int32 LiteDB.Sync.LiteSyncCollection`1::Count(System.Linq.Expressions.Expression`1&lt;System.Func`2&lt;T,System.Boolean&gt;&gt;)</Name>
              <FileRef uid="2" />
              <SequencePoints>
                <SequencePoint vc="1" uspid="24" ordinal="0" offset="0" sl="36" sc="9" el="36" ec="10" bec="0" bev="0" fileid="2" />
                <SequencePoint vc="1" uspid="25" ordinal="1" offset="1" sl="37" sc="13" el="37" ec="63" bec="0" bev="0" fileid="2" />
                <SequencePoint vc="1" uspid="26" ordinal="2" offset="16" sl="38" sc="9" el="38" ec="10" bec="0" bev="0" fileid="2" />
              </SequencePoints>
              <BranchPoints />
              <MethodPoint xsi:type="SequencePoint" vc="1" uspid="24" ordinal="0" offset="0" sl="36" sc="9" el="36" ec="10" bec="0" bev="0" fileid="2" />
            </Method>
            <Method visited="true" cyclomaticComplexity="4" nPathComplexity="2" sequenceCoverage="100" branchCoverage="100" isConstructor="false" isStatic="false" isGetter="false" isSetter="false">
              <Summary numSequencePoints="13" visitedSequencePoints="13" numBranchPoints="3" visitedBranchPoints="3" sequenceCoverage="100" branchCoverage="100" maxCyclomaticComplexity="4" minCyclomaticComplexity="4" visitedClasses="0" numClasses="0" visitedMethods="1" numMethods="1" />
              <MetadataToken>100663319</MetadataToken>
              <Name>System.Int32 LiteDB.Sync.LiteSyncCollection`1::Delete(LiteDB.Query)</Name>
              <FileRef uid="2" />
              <SequencePoints>
                <SequencePoint vc="3" uspid="27" ordinal="0" offset="0" sl="41" sc="9" el="41" ec="10" bec="0" bev="0" fileid="2" />
                <SequencePoint vc="3" uspid="28" ordinal="1" offset="1" sl="44" sc="20" el="44" ec="55" bec="0" bev="0" fileid="2" />
                <SequencePoint vc="3" uspid="29" ordinal="2" offset="13" sl="45" sc="13" el="45" ec="14" bec="0" bev="0" fileid="2" />
                <SequencePoint vc="3" uspid="30" ordinal="3" offset="14" sl="46" sc="17" el="46" ec="99" bec="0" bev="0" fileid="2" />
                <SequencePoint vc="3" uspid="31" ordinal="4" offset="29" sl="48" sc="17" el="48" ec="64" bec="2" bev="2" fileid="2" />
                <SequencePoint vc="2" uspid="32" ordinal="5" offset="48" sl="49" sc="17" el="49" ec="18" bec="0" bev="0" fileid="2" />
                <SequencePoint vc="2" uspid="33" ordinal="6" offset="49" sl="50" sc="21" el="50" ec="99" bec="0" bev="0" fileid="2" />
                <SequencePoint vc="2" uspid="34" ordinal="7" offset="69" sl="51" sc="21" el="51" ec="90" bec="0" bev="0" fileid="2" />
                <SequencePoint vc="2" uspid="35" ordinal="8" offset="88" sl="52" sc="17" el="52" ec="18" bec="0" bev="0" fileid="2" />
                <SequencePoint vc="3" uspid="36" ordinal="9" offset="89" sl="54" sc="17" el="54" ec="29" bec="0" bev="0" fileid="2" />
                <SequencePoint vc="3" uspid="37" ordinal="10" offset="96" sl="55" sc="13" el="55" ec="14" bec="0" bev="0" fileid="2" />
                <SequencePoint vc="3" uspid="38" ordinal="11" offset="110" sl="57" sc="13" el="57" ec="27" bec="0" bev="0" fileid="2" />
                <SequencePoint vc="3" uspid="39" ordinal="12" offset="115" sl="58" sc="9" el="58" ec="10" bec="0" bev="0" fileid="2" />
              </SequencePoints>
              <BranchPoints>
                <BranchPoint vc="2" uspid="42" ordinal="2" offset="46" sl="48" path="0" offsetend="48" fileid="2" />
                <BranchPoint vc="1" uspid="43" ordinal="3" offset="46" sl="48" path="1" offsetend="89" fileid="2" />
              </BranchPoints>
              <MethodPoint xsi:type="SequencePoint" vc="3" uspid="27" ordinal="0" offset="0" sl="41" sc="9" el="41" ec="10" bec="0" bev="0" fileid="2" />
            </Method>
            <Method visited="true" cyclomaticComplexity="4" nPathComplexity="2" sequenceCoverage="100" branchCoverage="100" isConstructor="false" isStatic="false" isGetter="false" isSetter="false">
              <Summary numSequencePoints="13" visitedSequencePoints="13" numBranchPoints="3" visitedBranchPoints="3" sequenceCoverage="100" branchCoverage="100" maxCyclomaticComplexity="4" minCyclomaticComplexity="4" visitedClasses="0" numClasses="0" visitedMethods="1" numMethods="1" />
              <MetadataToken>100663320</MetadataToken>
              <Name>System.Int32 LiteDB.Sync.LiteSyncCollection`1::Delete(System.Linq.Expressions.Expression`1&lt;System.Func`2&lt;T,System.Boolean&gt;&gt;)</Name>
              <FileRef uid="2" />
              <SequencePoints>
                <SequencePoint vc="3" uspid="44" ordinal="0" offset="0" sl="61" sc="9" el="61" ec="10" bec="0" bev="0" fileid="2" />
                <SequencePoint vc="3" uspid="45" ordinal="1" offset="1" sl="64" sc="20" el="64" ec="55" bec="0" bev="0" fileid="2" />
                <SequencePoint vc="3" uspid="46" ordinal="2" offset="13" sl="65" sc="13" el="65" ec="14" bec="0" bev="0" fileid="2" />
                <SequencePoint vc="3" uspid="47" ordinal="3" offset="14" sl="66" sc="17" el="66" ec="103" bec="0" bev="0" fileid="2" />
                <SequencePoint vc="3" uspid="48" ordinal="4" offset="29" sl="68" sc="17" el="68" ec="64" bec="2" bev="2" fileid="2" />
                <SequencePoint vc="2" uspid="49" ordinal="5" offset="48" sl="69" sc="17" el="69" ec="18" bec="0" bev="0" fileid="2" />
                <SequencePoint vc="2" uspid="50" ordinal="6" offset="49" sl="70" sc="21" el="70" ec="99" bec="0" bev="0" fileid="2" />
                <SequencePoint vc="2" uspid="51" ordinal="7" offset="69" sl="71" sc="21" el="71" ec="90" bec="0" bev="0" fileid="2" />
                <SequencePoint vc="2" uspid="52" ordinal="8" offset="88" sl="72" sc="17" el="72" ec="18" bec="0" bev="0" fileid="2" />
                <SequencePoint vc="3" uspid="53" ordinal="9" offset="89" sl="74" sc="17" el="74" ec="29" bec="0" bev="0" fileid="2" />
                <SequencePoint vc="3" uspid="54" ordinal="10" offset="96" sl="75" sc="13" el="75" ec="14" bec="0" bev="0" fileid="2" />
                <SequencePoint vc="3" uspid="55" ordinal="11" offset="110" sl="77" sc="13" el="77" ec="27" bec="0" bev="0" fileid="2" />
                <SequencePoint vc="3" uspid="56" ordinal="12" offset="115" sl="78" sc="9" el="78" ec="10" bec="0" bev="0" fileid="2" />
              </SequencePoints>
              <BranchPoints>
                <BranchPoint vc="2" uspid="59" ordinal="2" offset="46" sl="68" path="0" offsetend="48" fileid="2" />
                <BranchPoint vc="1" uspid="60" ordinal="3" offset="46" sl="68" path="1" offsetend="89" fileid="2" />
              </BranchPoints>
              <MethodPoint xsi:type="SequencePoint" vc="3" uspid="44" ordinal="0" offset="0" sl="61" sc="9" el="61" ec="10" bec="0" bev="0" fileid="2" />
            </Method>
            <Method visited="true" cyclomaticComplexity="3" nPathComplexity="2" sequenceCoverage="100" branchCoverage="100" isConstructor="false" isStatic="false" isGetter="false" isSetter="false">
              <Summary numSequencePoints="13" visitedSequencePoints="13" numBranchPoints="3" visitedBranchPoints="3" sequenceCoverage="100" branchCoverage="100" maxCyclomaticComplexity="3" minCyclomaticComplexity="3" visitedClasses="0" numClasses="0" visitedMethods="1" numMethods="1" />
              <MetadataToken>100663321</MetadataToken>
              <Name>System.Boolean LiteDB.Sync.LiteSyncCollection`1::Delete(LiteDB.BsonValue)</Name>
              <FileRef uid="2" />
              <SequencePoints>
                <SequencePoint vc="2" uspid="61" ordinal="0" offset="0" sl="81" sc="9" el="81" ec="10" bec="0" bev="0" fileid="2" />
                <SequencePoint vc="2" uspid="62" ordinal="1" offset="1" sl="84" sc="20" el="84" ec="55" bec="0" bev="0" fileid="2" />
                <SequencePoint vc="2" uspid="63" ordinal="2" offset="13" sl="85" sc="13" el="85" ec="14" bec="0" bev="0" fileid="2" />
                <SequencePoint vc="2" uspid="64" ordinal="3" offset="14" sl="86" sc="17" el="86" ec="63" bec="0" bev="0" fileid="2" />
                <SequencePoint vc="2" uspid="65" ordinal="4" offset="27" sl="88" sc="17" el="88" ec="28" bec="2" bev="2" fileid="2" />
                <SequencePoint vc="1" uspid="66" ordinal="5" offset="32" sl="89" sc="17" el="89" ec="18" bec="0" bev="0" fileid="2" />
                <SequencePoint vc="1" uspid="67" ordinal="6" offset="33" sl="90" sc="21" el="90" ec="74" bec="0" bev="0" fileid="2" />
                <SequencePoint vc="1" uspid="68" ordinal="7" offset="46" sl="91" sc="21" el="91" ec="88" bec="0" bev="0" fileid="2" />
                <SequencePoint vc="1" uspid="69" ordinal="8" offset="64" sl="92" sc="17" el="92" ec="18" bec="0" bev="0" fileid="2" />
                <SequencePoint vc="2" uspid="70" ordinal="9" offset="65" sl="94" sc="17" el="94" ec="29" bec="0" bev="0" fileid="2" />
                <SequencePoint vc="2" uspid="71" ordinal="10" offset="72" sl="95" sc="13" el="95" ec="14" bec="0" bev="0" fileid="2" />
                <SequencePoint vc="2" uspid="72" ordinal="11" offset="86" sl="97" sc="13" el="97" ec="27" bec="0" bev="0" fileid="2" />
                <SequencePoint vc="2" uspid="73" ordinal="12" offset="91" sl="98" sc="9" el="98" ec="10" bec="0" bev="0" fileid="2" />
              </SequencePoints>
              <BranchPoints>
                <BranchPoint vc="1" uspid="74" ordinal="0" offset="30" sl="88" path="0" offsetend="32" fileid="2" />
                <BranchPoint vc="1" uspid="75" ordinal="1" offset="30" sl="88" path="1" offsetend="65" fileid="2" />
              </BranchPoints>
              <MethodPoint xsi:type="SequencePoint" vc="2" uspid="61" ordinal="0" offset="0" sl="81" sc="9" el="81" ec="10" bec="0" bev="0" fileid="2" />
            </Method>
            <Method visited="false" cyclomaticComplexity="1" nPathComplexity="0" sequenceCoverage="0" branchCoverage="0" isConstructor="false" isStatic="false" isGetter="false" isSetter="false">
              <Summary numSequencePoints="2" visitedSequencePoints="0" numBranchPoints="1" visitedBranchPoints="0" sequenceCoverage="0" branchCoverage="0" maxCyclomaticComplexity="1" minCyclomaticComplexity="1" visitedClasses="0" numClasses="0" visitedMethods="0" numMethods="1" />
              <MetadataToken>100663322</MetadataToken>
              <Name>System.Int32 LiteDB.Sync.LiteSyncCollection`1::Delete(LiteDB.Query,System.Collections.Generic.IList`1&lt;LiteDB.BsonValue&gt;&amp;)</Name>
              <FileRef uid="2" />
              <SequencePoints>
                <SequencePoint vc="0" uspid="76" ordinal="0" offset="0" sl="101" sc="9" el="101" ec="10" bec="0" bev="0" fileid="2" />
                <SequencePoint vc="0" uspid="77" ordinal="1" offset="1" sl="102" sc="13" el="102" ec="49" bec="0" bev="0" fileid="2" />
              </SequencePoints>
              <BranchPoints />
              <MethodPoint xsi:type="SequencePoint" vc="0" uspid="76" ordinal="0" offset="0" sl="101" sc="9" el="101" ec="10" bec="0" bev="0" fileid="2" />
            </Method>
            <Method visited="false" cyclomaticComplexity="1" nPathComplexity="0" sequenceCoverage="0" branchCoverage="0" isConstructor="false" isStatic="false" isGetter="false" isSetter="false">
              <Summary numSequencePoints="3" visitedSequencePoints="0" numBranchPoints="1" visitedBranchPoints="0" sequenceCoverage="0" branchCoverage="0" maxCyclomaticComplexity="1" minCyclomaticComplexity="1" visitedClasses="0" numClasses="0" visitedMethods="0" numMethods="1" />
              <MetadataToken>100663323</MetadataToken>
              <Name>System.Boolean LiteDB.Sync.LiteSyncCollection`1::DropIndex(System.String)</Name>
              <FileRef uid="2" />
              <SequencePoints>
                <SequencePoint vc="0" uspid="78" ordinal="0" offset="0" sl="106" sc="9" el="106" ec="10" bec="0" bev="0" fileid="2" />
                <SequencePoint vc="0" uspid="79" ordinal="1" offset="1" sl="107" sc="13" el="107" ec="60" bec="0" bev="0" fileid="2" />
                <SequencePoint vc="0" uspid="80" ordinal="2" offset="21" sl="108" sc="9" el="108" ec="10" bec="0" bev="0" fileid="2" />
              </SequencePoints>
              <BranchPoints />
              <MethodPoint xsi:type="SequencePoint" vc="0" uspid="78" ordinal="0" offset="0" sl="106" sc="9" el="106" ec="10" bec="0" bev="0" fileid="2" />
            </Method>
            <Method visited="false" cyclomaticComplexity="1" nPathComplexity="0" sequenceCoverage="0" branchCoverage="0" isConstructor="false" isStatic="false" isGetter="false" isSetter="false">
              <Summary numSequencePoints="3" visitedSequencePoints="0" numBranchPoints="1" visitedBranchPoints="0" sequenceCoverage="0" branchCoverage="0" maxCyclomaticComplexity="1" minCyclomaticComplexity="1" visitedClasses="0" numClasses="0" visitedMethods="0" numMethods="1" />
              <MetadataToken>100663324</MetadataToken>
              <Name>System.Boolean LiteDB.Sync.LiteSyncCollection`1::EnsureIndex(System.String,System.Boolean)</Name>
              <FileRef uid="2" />
              <SequencePoints>
                <SequencePoint vc="0" uspid="81" ordinal="0" offset="0" sl="111" sc="9" el="111" ec="10" bec="0" bev="0" fileid="2" />
                <SequencePoint vc="0" uspid="82" ordinal="1" offset="1" sl="112" sc="13" el="112" ec="73" bec="0" bev="0" fileid="2" />
                <SequencePoint vc="0" uspid="83" ordinal="2" offset="17" sl="113" sc="9" el="113" ec="10" bec="0" bev="0" fileid="2" />
              </SequencePoints>
              <BranchPoints />
              <MethodPoint xsi:type="SequencePoint" vc="0" uspid="81" ordinal="0" offset="0" sl="111" sc="9" el="111" ec="10" bec="0" bev="0" fileid="2" />
            </Method>
            <Method visited="false" cyclomaticComplexity="1" nPathComplexity="0" sequenceCoverage="0" branchCoverage="0" isConstructor="false" isStatic="false" isGetter="false" isSetter="false">
              <Summary numSequencePoints="3" visitedSequencePoints="0" numBranchPoints="1" visitedBranchPoints="0" sequenceCoverage="0" branchCoverage="0" maxCyclomaticComplexity="1" minCyclomaticComplexity="1" visitedClasses="0" numClasses="0" visitedMethods="0" numMethods="1" />
              <MetadataToken>100663325</MetadataToken>
              <Name>System.Boolean LiteDB.Sync.LiteSyncCollection`1::EnsureIndex(System.Linq.Expressions.Expression`1&lt;System.Func`2&lt;T,K&gt;&gt;,System.Boolean)</Name>
              <FileRef uid="2" />
              <SequencePoints>
                <SequencePoint vc="0" uspid="84" ordinal="0" offset="0" sl="116" sc="9" el="116" ec="10" bec="0" bev="0" fileid="2" />
                <SequencePoint vc="0" uspid="85" ordinal="1" offset="1" sl="117" sc="13" el="117" ec="76" bec="0" bev="0" fileid="2" />
                <SequencePoint vc="0" uspid="86" ordinal="2" offset="17" sl="118" sc="9" el="118" ec="10" bec="0" bev="0" fileid="2" />
              </SequencePoints>
              <BranchPoints />
              <MethodPoint xsi:type="SequencePoint" vc="0" uspid="84" ordinal="0" offset="0" sl="116" sc="9" el="116" ec="10" bec="0" bev="0" fileid="2" />
            </Method>
            <Method visited="true" cyclomaticComplexity="1" nPathComplexity="0" sequenceCoverage="100" branchCoverage="100" isConstructor="false" isStatic="false" isGetter="false" isSetter="false">
              <Summary numSequencePoints="3" visitedSequencePoints="3" numBranchPoints="1" visitedBranchPoints="1" sequenceCoverage="100" branchCoverage="100" maxCyclomaticComplexity="1" minCyclomaticComplexity="1" visitedClasses="0" numClasses="0" visitedMethods="1" numMethods="1" />
              <MetadataToken>100663326</MetadataToken>
              <Name>System.Boolean LiteDB.Sync.LiteSyncCollection`1::Exists(LiteDB.Query)</Name>
              <FileRef uid="2" />
              <SequencePoints>
                <SequencePoint vc="2" uspid="87" ordinal="0" offset="0" sl="121" sc="9" el="121" ec="10" bec="0" bev="0" fileid="2" />
                <SequencePoint vc="2" uspid="88" ordinal="1" offset="1" sl="122" sc="13" el="122" ec="60" bec="0" bev="0" fileid="2" />
                <SequencePoint vc="2" uspid="89" ordinal="2" offset="16" sl="123" sc="9" el="123" ec="10" bec="0" bev="0" fileid="2" />
              </SequencePoints>
              <BranchPoints />
              <MethodPoint xsi:type="SequencePoint" vc="2" uspid="87" ordinal="0" offset="0" sl="121" sc="9" el="121" ec="10" bec="0" bev="0" fileid="2" />
            </Method>
            <Method visited="true" cyclomaticComplexity="1" nPathComplexity="0" sequenceCoverage="100" branchCoverage="100" isConstructor="false" isStatic="false" isGetter="false" isSetter="false">
              <Summary numSequencePoints="3" visitedSequencePoints="3" numBranchPoints="1" visitedBranchPoints="1" sequenceCoverage="100" branchCoverage="100" maxCyclomaticComplexity="1" minCyclomaticComplexity="1" visitedClasses="0" numClasses="0" visitedMethods="1" numMethods="1" />
              <MetadataToken>100663327</MetadataToken>
              <Name>System.Boolean LiteDB.Sync.LiteSyncCollection`1::Exists(System.Linq.Expressions.Expression`1&lt;System.Func`2&lt;T,System.Boolean&gt;&gt;)</Name>
              <FileRef uid="2" />
              <SequencePoints>
                <SequencePoint vc="2" uspid="90" ordinal="0" offset="0" sl="126" sc="9" el="126" ec="10" bec="0" bev="0" fileid="2" />
                <SequencePoint vc="2" uspid="91" ordinal="1" offset="1" sl="127" sc="13" el="127" ec="64" bec="0" bev="0" fileid="2" />
                <SequencePoint vc="2" uspid="92" ordinal="2" offset="16" sl="128" sc="9" el="128" ec="10" bec="0" bev="0" fileid="2" />
              </SequencePoints>
              <BranchPoints />
              <MethodPoint xsi:type="SequencePoint" vc="2" uspid="90" ordinal="0" offset="0" sl="126" sc="9" el="126" ec="10" bec="0" bev="0" fileid="2" />
            </Method>
            <Method visited="true" cyclomaticComplexity="1" nPathComplexity="0" sequenceCoverage="100" branchCoverage="100" isConstructor="false" isStatic="false" isGetter="false" isSetter="false">
              <Summary numSequencePoints="3" visitedSequencePoints="3" numBranchPoints="1" visitedBranchPoints="1" sequenceCoverage="100" branchCoverage="100" maxCyclomaticComplexity="1" minCyclomaticComplexity="1" visitedClasses="0" numClasses="0" visitedMethods="1" numMethods="1" />
              <MetadataToken>100663328</MetadataToken>
              <Name>System.Collections.Generic.IEnumerable`1&lt;T&gt; LiteDB.Sync.LiteSyncCollection`1::Find(LiteDB.Query,System.Int32,System.Int32)</Name>
              <FileRef uid="2" />
              <SequencePoints>
                <SequencePoint vc="1" uspid="93" ordinal="0" offset="0" sl="131" sc="9" el="131" ec="10" bec="0" bev="0" fileid="2" />
                <SequencePoint vc="1" uspid="94" ordinal="1" offset="1" sl="132" sc="13" el="132" ec="71" bec="0" bev="0" fileid="2" />
                <SequencePoint vc="1" uspid="95" ordinal="2" offset="18" sl="133" sc="9" el="133" ec="10" bec="0" bev="0" fileid="2" />
              </SequencePoints>
              <BranchPoints />
              <MethodPoint xsi:type="SequencePoint" vc="1" uspid="93" ordinal="0" offset="0" sl="131" sc="9" el="131" ec="10" bec="0" bev="0" fileid="2" />
            </Method>
            <Method visited="true" cyclomaticComplexity="1" nPathComplexity="0" sequenceCoverage="100" branchCoverage="100" isConstructor="false" isStatic="false" isGetter="false" isSetter="false">
              <Summary numSequencePoints="3" visitedSequencePoints="3" numBranchPoints="1" visitedBranchPoints="1" sequenceCoverage="100" branchCoverage="100" maxCyclomaticComplexity="1" minCyclomaticComplexity="1" visitedClasses="0" numClasses="0" visitedMethods="1" numMethods="1" />
              <MetadataToken>100663329</MetadataToken>
              <Name>System.Collections.Generic.IEnumerable`1&lt;T&gt; LiteDB.Sync.LiteSyncCollection`1::Find(System.Linq.Expressions.Expression`1&lt;System.Func`2&lt;T,System.Boolean&gt;&gt;,System.Int32,System.Int32)</Name>
              <FileRef uid="2" />
              <SequencePoints>
                <SequencePoint vc="1" uspid="96" ordinal="0" offset="0" sl="136" sc="9" el="136" ec="10" bec="0" bev="0" fileid="2" />
                <SequencePoint vc="1" uspid="97" ordinal="1" offset="1" sl="137" sc="13" el="137" ec="75" bec="0" bev="0" fileid="2" />
                <SequencePoint vc="1" uspid="98" ordinal="2" offset="18" sl="138" sc="9" el="138" ec="10" bec="0" bev="0" fileid="2" />
              </SequencePoints>
              <BranchPoints />
              <MethodPoint xsi:type="SequencePoint" vc="1" uspid="96" ordinal="0" offset="0" sl="136" sc="9" el="136" ec="10" bec="0" bev="0" fileid="2" />
            </Method>
            <Method visited="true" cyclomaticComplexity="1" nPathComplexity="0" sequenceCoverage="100" branchCoverage="100" isConstructor="false" isStatic="false" isGetter="false" isSetter="false">
              <Summary numSequencePoints="3" visitedSequencePoints="3" numBranchPoints="1" visitedBranchPoints="1" sequenceCoverage="100" branchCoverage="100" maxCyclomaticComplexity="1" minCyclomaticComplexity="1" visitedClasses="0" numClasses="0" visitedMethods="1" numMethods="1" />
              <MetadataToken>100663330</MetadataToken>
              <Name>System.Collections.Generic.IEnumerable`1&lt;T&gt; LiteDB.Sync.LiteSyncCollection`1::FindAll()</Name>
              <FileRef uid="2" />
              <SequencePoints>
                <SequencePoint vc="1" uspid="99" ordinal="0" offset="0" sl="141" sc="9" el="141" ec="10" bec="0" bev="0" fileid="2" />
                <SequencePoint vc="1" uspid="100" ordinal="1" offset="1" sl="142" sc="13" el="142" ec="56" bec="0" bev="0" fileid="2" />
                <SequencePoint vc="1" uspid="101" ordinal="2" offset="15" sl="143" sc="9" el="143" ec="10" bec="0" bev="0" fileid="2" />
              </SequencePoints>
              <BranchPoints />
              <MethodPoint xsi:type="SequencePoint" vc="1" uspid="99" ordinal="0" offset="0" sl="141" sc="9" el="141" ec="10" bec="0" bev="0" fileid="2" />
            </Method>
            <Method visited="true" cyclomaticComplexity="1" nPathComplexity="0" sequenceCoverage="100" branchCoverage="100" isConstructor="false" isStatic="false" isGetter="false" isSetter="false">
              <Summary numSequencePoints="3" visitedSequencePoints="3" numBranchPoints="1" visitedBranchPoints="1" sequenceCoverage="100" branchCoverage="100" maxCyclomaticComplexity="1" minCyclomaticComplexity="1" visitedClasses="0" numClasses="0" visitedMethods="1" numMethods="1" />
              <MetadataToken>100663331</MetadataToken>
              <Name>T LiteDB.Sync.LiteSyncCollection`1::FindById(LiteDB.BsonValue)</Name>
              <FileRef uid="2" />
              <SequencePoints>
                <SequencePoint vc="1" uspid="102" ordinal="0" offset="0" sl="146" sc="9" el="146" ec="10" bec="0" bev="0" fileid="2" />
                <SequencePoint vc="1" uspid="103" ordinal="1" offset="1" sl="147" sc="13" el="147" ec="59" bec="0" bev="0" fileid="2" />
                <SequencePoint vc="1" uspid="104" ordinal="2" offset="16" sl="148" sc="9" el="148" ec="10" bec="0" bev="0" fileid="2" />
              </SequencePoints>
              <BranchPoints />
              <MethodPoint xsi:type="SequencePoint" vc="1" uspid="102" ordinal="0" offset="0" sl="146" sc="9" el="146" ec="10" bec="0" bev="0" fileid="2" />
            </Method>
            <Method visited="true" cyclomaticComplexity="1" nPathComplexity="0" sequenceCoverage="100" branchCoverage="100" isConstructor="false" isStatic="false" isGetter="false" isSetter="false">
              <Summary numSequencePoints="3" visitedSequencePoints="3" numBranchPoints="1" visitedBranchPoints="1" sequenceCoverage="100" branchCoverage="100" maxCyclomaticComplexity="1" minCyclomaticComplexity="1" visitedClasses="0" numClasses="0" visitedMethods="1" numMethods="1" />
              <MetadataToken>100663332</MetadataToken>
              <Name>T LiteDB.Sync.LiteSyncCollection`1::FindOne(LiteDB.Query)</Name>
              <FileRef uid="2" />
              <SequencePoints>
                <SequencePoint vc="1" uspid="105" ordinal="0" offset="0" sl="151" sc="9" el="151" ec="10" bec="0" bev="0" fileid="2" />
                <SequencePoint vc="1" uspid="106" ordinal="1" offset="1" sl="152" sc="13" el="152" ec="61" bec="0" bev="0" fileid="2" />
                <SequencePoint vc="1" uspid="107" ordinal="2" offset="16" sl="153" sc="9" el="153" ec="10" bec="0" bev="0" fileid="2" />
              </SequencePoints>
              <BranchPoints />
              <MethodPoint xsi:type="SequencePoint" vc="1" uspid="105" ordinal="0" offset="0" sl="151" sc="9" el="151" ec="10" bec="0" bev="0" fileid="2" />
            </Method>
            <Method visited="true" cyclomaticComplexity="1" nPathComplexity="0" sequenceCoverage="100" branchCoverage="100" isConstructor="false" isStatic="false" isGetter="false" isSetter="false">
              <Summary numSequencePoints="3" visitedSequencePoints="3" numBranchPoints="1" visitedBranchPoints="1" sequenceCoverage="100" branchCoverage="100" maxCyclomaticComplexity="1" minCyclomaticComplexity="1" visitedClasses="0" numClasses="0" visitedMethods="1" numMethods="1" />
              <MetadataToken>100663333</MetadataToken>
              <Name>T LiteDB.Sync.LiteSyncCollection`1::FindOne(System.Linq.Expressions.Expression`1&lt;System.Func`2&lt;T,System.Boolean&gt;&gt;)</Name>
              <FileRef uid="2" />
              <SequencePoints>
                <SequencePoint vc="1" uspid="108" ordinal="0" offset="0" sl="156" sc="9" el="156" ec="10" bec="0" bev="0" fileid="2" />
                <SequencePoint vc="1" uspid="109" ordinal="1" offset="1" sl="157" sc="13" el="157" ec="65" bec="0" bev="0" fileid="2" />
                <SequencePoint vc="1" uspid="110" ordinal="2" offset="16" sl="158" sc="9" el="158" ec="10" bec="0" bev="0" fileid="2" />
              </SequencePoints>
              <BranchPoints />
              <MethodPoint xsi:type="SequencePoint" vc="1" uspid="108" ordinal="0" offset="0" sl="156" sc="9" el="156" ec="10" bec="0" bev="0" fileid="2" />
            </Method>
            <Method visited="false" cyclomaticComplexity="1" nPathComplexity="0" sequenceCoverage="0" branchCoverage="0" isConstructor="false" isStatic="false" isGetter="false" isSetter="false">
              <Summary numSequencePoints="3" visitedSequencePoints="0" numBranchPoints="1" visitedBranchPoints="0" sequenceCoverage="0" branchCoverage="0" maxCyclomaticComplexity="1" minCyclomaticComplexity="1" visitedClasses="0" numClasses="0" visitedMethods="0" numMethods="1" />
              <MetadataToken>100663334</MetadataToken>
              <Name>System.Collections.Generic.IEnumerable`1&lt;LiteDB.IndexInfo&gt; LiteDB.Sync.LiteSyncCollection`1::GetIndexes()</Name>
              <FileRef uid="2" />
              <SequencePoints>
                <SequencePoint vc="0" uspid="111" ordinal="0" offset="0" sl="161" sc="9" el="161" ec="10" bec="0" bev="0" fileid="2" />
                <SequencePoint vc="0" uspid="112" ordinal="1" offset="1" sl="162" sc="13" el="162" ec="59" bec="0" bev="0" fileid="2" />
                <SequencePoint vc="0" uspid="113" ordinal="2" offset="15" sl="163" sc="9" el="163" ec="10" bec="0" bev="0" fileid="2" />
              </SequencePoints>
              <BranchPoints />
              <MethodPoint xsi:type="SequencePoint" vc="0" uspid="111" ordinal="0" offset="0" sl="161" sc="9" el="161" ec="10" bec="0" bev="0" fileid="2" />
            </Method>
            <Method visited="false" cyclomaticComplexity="1" nPathComplexity="0" sequenceCoverage="0" branchCoverage="0" isConstructor="false" isStatic="false" isGetter="false" isSetter="false">
              <Summary numSequencePoints="3" visitedSequencePoints="0" numBranchPoints="1" visitedBranchPoints="0" sequenceCoverage="0" branchCoverage="0" maxCyclomaticComplexity="1" minCyclomaticComplexity="1" visitedClasses="0" numClasses="0" visitedMethods="0" numMethods="1" />
              <MetadataToken>100663335</MetadataToken>
              <Name>LiteDB.LiteCollection`1&lt;T&gt; LiteDB.Sync.LiteSyncCollection`1::Include(System.Linq.Expressions.Expression`1&lt;System.Func`2&lt;T,K&gt;&gt;)</Name>
              <FileRef uid="2" />
              <SequencePoints>
                <SequencePoint vc="0" uspid="114" ordinal="0" offset="0" sl="166" sc="9" el="166" ec="10" bec="0" bev="0" fileid="2" />
                <SequencePoint vc="0" uspid="115" ordinal="1" offset="1" sl="167" sc="13" el="167" ec="61" bec="0" bev="0" fileid="2" />
                <SequencePoint vc="0" uspid="116" ordinal="2" offset="16" sl="168" sc="9" el="168" ec="10" bec="0" bev="0" fileid="2" />
              </SequencePoints>
              <BranchPoints />
              <MethodPoint xsi:type="SequencePoint" vc="0" uspid="114" ordinal="0" offset="0" sl="166" sc="9" el="166" ec="10" bec="0" bev="0" fileid="2" />
            </Method>
            <Method visited="false" cyclomaticComplexity="1" nPathComplexity="0" sequenceCoverage="0" branchCoverage="0" isConstructor="false" isStatic="false" isGetter="false" isSetter="false">
              <Summary numSequencePoints="3" visitedSequencePoints="0" numBranchPoints="1" visitedBranchPoints="0" sequenceCoverage="0" branchCoverage="0" maxCyclomaticComplexity="1" minCyclomaticComplexity="1" visitedClasses="0" numClasses="0" visitedMethods="0" numMethods="1" />
              <MetadataToken>100663336</MetadataToken>
              <Name>LiteDB.LiteCollection`1&lt;T&gt; LiteDB.Sync.LiteSyncCollection`1::Include(System.String)</Name>
              <FileRef uid="2" />
              <SequencePoints>
                <SequencePoint vc="0" uspid="117" ordinal="0" offset="0" sl="171" sc="9" el="171" ec="10" bec="0" bev="0" fileid="2" />
                <SequencePoint vc="0" uspid="118" ordinal="1" offset="1" sl="172" sc="13" el="172" ec="60" bec="0" bev="0" fileid="2" />
                <SequencePoint vc="0" uspid="119" ordinal="2" offset="16" sl="173" sc="9" el="173" ec="10" bec="0" bev="0" fileid="2" />
              </SequencePoints>
              <BranchPoints />
              <MethodPoint xsi:type="SequencePoint" vc="0" uspid="117" ordinal="0" offset="0" sl="171" sc="9" el="171" ec="10" bec="0" bev="0" fileid="2" />
            </Method>
            <Method visited="true" cyclomaticComplexity="2" nPathComplexity="0" sequenceCoverage="100" branchCoverage="100" isConstructor="false" isStatic="false" isGetter="false" isSetter="false">
              <Summary numSequencePoints="11" visitedSequencePoints="11" numBranchPoints="1" visitedBranchPoints="1" sequenceCoverage="100" branchCoverage="100" maxCyclomaticComplexity="2" minCyclomaticComplexity="2" visitedClasses="0" numClasses="0" visitedMethods="1" numMethods="1" />
              <MetadataToken>100663337</MetadataToken>
              <Name>LiteDB.BsonValue LiteDB.Sync.LiteSyncCollection`1::Insert(T)</Name>
              <FileRef uid="2" />
              <SequencePoints>
                <SequencePoint vc="2" uspid="120" ordinal="0" offset="0" sl="176" sc="9" el="176" ec="10" bec="0" bev="0" fileid="2" />
                <SequencePoint vc="2" uspid="121" ordinal="1" offset="1" sl="179" sc="20" el="179" ec="55" bec="0" bev="0" fileid="2" />
                <SequencePoint vc="2" uspid="122" ordinal="2" offset="13" sl="180" sc="13" el="180" ec="14" bec="0" bev="0" fileid="2" />
                <SequencePoint vc="2" uspid="123" ordinal="3" offset="14" sl="181" sc="17" el="181" ec="42" bec="0" bev="0" fileid="2" />
                <SequencePoint vc="2" uspid="124" ordinal="4" offset="22" sl="183" sc="17" el="183" ec="69" bec="0" bev="0" fileid="2" />
                <SequencePoint vc="2" uspid="125" ordinal="5" offset="35" sl="185" sc="17" el="185" ec="81" bec="0" bev="0" fileid="2" />
                <SequencePoint vc="2" uspid="126" ordinal="6" offset="48" sl="186" sc="17" el="186" ec="86" bec="0" bev="0" fileid="2" />
                <SequencePoint vc="2" uspid="127" ordinal="7" offset="66" sl="188" sc="17" el="188" ec="29" bec="0" bev="0" fileid="2" />
                <SequencePoint vc="2" uspid="128" ordinal="8" offset="73" sl="189" sc="13" el="189" ec="14" bec="0" bev="0" fileid="2" />
                <SequencePoint vc="2" uspid="129" ordinal="9" offset="87" sl="191" sc="13" el="191" ec="27" bec="0" bev="0" fileid="2" />
                <SequencePoint vc="2" uspid="130" ordinal="10" offset="91" sl="192" sc="9" el="192" ec="10" bec="0" bev="0" fileid="2" />
              </SequencePoints>
              <BranchPoints />
              <MethodPoint xsi:type="SequencePoint" vc="2" uspid="120" ordinal="0" offset="0" sl="176" sc="9" el="176" ec="10" bec="0" bev="0" fileid="2" />
            </Method>
            <Method visited="true" cyclomaticComplexity="2" nPathComplexity="0" sequenceCoverage="100" branchCoverage="100" isConstructor="false" isStatic="false" isGetter="false" isSetter="false">
              <Summary numSequencePoints="10" visitedSequencePoints="10" numBranchPoints="1" visitedBranchPoints="1" sequenceCoverage="100" branchCoverage="100" maxCyclomaticComplexity="2" minCyclomaticComplexity="2" visitedClasses="0" numClasses="0" visitedMethods="1" numMethods="1" />
              <MetadataToken>100663338</MetadataToken>
              <Name>System.Void LiteDB.Sync.LiteSyncCollection`1::Insert(LiteDB.BsonValue,T)</Name>
              <FileRef uid="2" />
              <SequencePoints>
                <SequencePoint vc="2" uspid="131" ordinal="0" offset="0" sl="195" sc="9" el="195" ec="10" bec="0" bev="0" fileid="2" />
                <SequencePoint vc="2" uspid="132" ordinal="1" offset="1" sl="196" sc="20" el="196" ec="55" bec="0" bev="0" fileid="2" />
                <SequencePoint vc="2" uspid="133" ordinal="2" offset="13" sl="197" sc="13" el="197" ec="14" bec="0" bev="0" fileid="2" />
                <SequencePoint vc="2" uspid="134" ordinal="3" offset="14" sl="198" sc="17" el="198" ec="42" bec="0" bev="0" fileid="2" />
                <SequencePoint vc="2" uspid="135" ordinal="4" offset="22" sl="200" sc="17" el="200" ec="64" bec="0" bev="0" fileid="2" />
                <SequencePoint vc="2" uspid="136" ordinal="5" offset="36" sl="202" sc="17" el="202" ec="77" bec="0" bev="0" fileid="2" />
                <SequencePoint vc="2" uspid="137" ordinal="6" offset="49" sl="203" sc="17" el="203" ec="86" bec="0" bev="0" fileid="2" />
                <SequencePoint vc="2" uspid="138" ordinal="7" offset="67" sl="205" sc="17" el="205" ec="29" bec="0" bev="0" fileid="2" />
                <SequencePoint vc="2" uspid="139" ordinal="8" offset="74" sl="206" sc="13" el="206" ec="14" bec="0" bev="0" fileid="2" />
                <SequencePoint vc="2" uspid="140" ordinal="9" offset="88" sl="207" sc="9" el="207" ec="10" bec="0" bev="0" fileid="2" />
              </SequencePoints>
              <BranchPoints />
              <MethodPoint xsi:type="SequencePoint" vc="2" uspid="131" ordinal="0" offset="0" sl="195" sc="9" el="195" ec="10" bec="0" bev="0" fileid="2" />
            </Method>
            <Method visited="true" cyclomaticComplexity="3" nPathComplexity="2" sequenceCoverage="100" branchCoverage="66.67" isConstructor="false" isStatic="false" isGetter="false" isSetter="false">
              <Summary numSequencePoints="13" visitedSequencePoints="13" numBranchPoints="3" visitedBranchPoints="2" sequenceCoverage="100" branchCoverage="66.67" maxCyclomaticComplexity="3" minCyclomaticComplexity="3" visitedClasses="0" numClasses="0" visitedMethods="1" numMethods="1" />
              <MetadataToken>100663339</MetadataToken>
              <Name>System.Int32 LiteDB.Sync.LiteSyncCollection`1::Insert(System.Collections.Generic.IEnumerable`1&lt;T&gt;)</Name>
              <FileRef uid="2" />
              <SequencePoints>
                <SequencePoint vc="2" uspid="141" ordinal="0" offset="0" sl="210" sc="9" el="210" ec="10" bec="0" bev="0" fileid="2" />
                <SequencePoint vc="2" uspid="142" ordinal="1" offset="1" sl="213" sc="20" el="213" ec="55" bec="0" bev="0" fileid="2" />
                <SequencePoint vc="2" uspid="143" ordinal="2" offset="13" sl="214" sc="13" el="214" ec="14" bec="0" bev="0" fileid="2" />
                <SequencePoint vc="2" uspid="144" ordinal="3" offset="14" sl="215" sc="17" el="215" ec="38" bec="0" bev="0" fileid="2" />
                <SequencePoint vc="2" uspid="145" ordinal="4" offset="22" sl="217" sc="17" el="217" ec="65" bec="0" bev="0" fileid="2" />
                <SequencePoint vc="2" uspid="146" ordinal="5" offset="35" sl="219" sc="17" el="219" ec="32" bec="2" bev="1" fileid="2" />
                <SequencePoint vc="2" uspid="147" ordinal="6" offset="43" sl="220" sc="17" el="220" ec="18" bec="0" bev="0" fileid="2" />
                <SequencePoint vc="2" uspid="148" ordinal="7" offset="44" sl="221" sc="21" el="221" ec="54" bec="0" bev="0" fileid="2" />
                <SequencePoint vc="2" uspid="149" ordinal="8" offset="52" sl="222" sc="17" el="222" ec="18" bec="0" bev="0" fileid="2" />
                <SequencePoint vc="2" uspid="150" ordinal="9" offset="53" sl="224" sc="17" el="224" ec="29" bec="0" bev="0" fileid="2" />
                <SequencePoint vc="2" uspid="151" ordinal="10" offset="60" sl="225" sc="13" el="225" ec="14" bec="0" bev="0" fileid="2" />
                <SequencePoint vc="2" uspid="152" ordinal="11" offset="74" sl="227" sc="13" el="227" ec="27" bec="0" bev="0" fileid="2" />
                <SequencePoint vc="2" uspid="153" ordinal="12" offset="78" sl="228" sc="9" el="228" ec="10" bec="0" bev="0" fileid="2" />
              </SequencePoints>
              <BranchPoints>
                <BranchPoint vc="2" uspid="154" ordinal="0" offset="41" sl="219" path="0" offsetend="43" fileid="2" />
                <BranchPoint vc="0" uspid="155" ordinal="1" offset="41" sl="219" path="1" offsetend="53" fileid="2" />
              </BranchPoints>
              <MethodPoint xsi:type="SequencePoint" vc="2" uspid="141" ordinal="0" offset="0" sl="210" sc="9" el="210" ec="10" bec="0" bev="0" fileid="2" />
            </Method>
            <Method visited="true" cyclomaticComplexity="1" nPathComplexity="0" sequenceCoverage="100" branchCoverage="100" isConstructor="false" isStatic="false" isGetter="false" isSetter="false">
              <Summary numSequencePoints="4" visitedSequencePoints="4" numBranchPoints="1" visitedBranchPoints="1" sequenceCoverage="100" branchCoverage="100" maxCyclomaticComplexity="1" minCyclomaticComplexity="1" visitedClasses="0" numClasses="0" visitedMethods="1" numMethods="1" />
              <MetadataToken>100663340</MetadataToken>
              <Name>System.Int32 LiteDB.Sync.LiteSyncCollection`1::InsertBulk(System.Collections.Generic.IEnumerable`1&lt;T&gt;,System.Int32,System.Action`1&lt;System.Collections.Generic.IEnumerable`1&lt;LiteDB.BsonDocument&gt;&gt;)</Name>
              <FileRef uid="2" />
              <SequencePoints>
                <SequencePoint vc="3" uspid="156" ordinal="0" offset="20" sl="231" sc="9" el="231" ec="10" bec="0" bev="0" fileid="2" />
                <SequencePoint vc="3" uspid="157" ordinal="1" offset="21" sl="232" sc="13" el="232" ec="34" bec="0" bev="0" fileid="2" />
                <SequencePoint vc="3" uspid="158" ordinal="2" offset="29" sl="234" sc="13" el="245" ec="16" bec="0" bev="0" fileid="2" />
                <SequencePoint vc="2" uspid="159" ordinal="3" offset="57" sl="246" sc="9" el="246" ec="10" bec="0" bev="0" fileid="2" />
              </SequencePoints>
              <BranchPoints />
              <MethodPoint vc="3" uspid="160" ordinal="0" offset="0" />
            </Method>
            <Method visited="true" cyclomaticComplexity="1" nPathComplexity="0" sequenceCoverage="100" branchCoverage="100" isConstructor="false" isStatic="false" isGetter="false" isSetter="false">
              <Summary numSequencePoints="3" visitedSequencePoints="3" numBranchPoints="1" visitedBranchPoints="1" sequenceCoverage="100" branchCoverage="100" maxCyclomaticComplexity="1" minCyclomaticComplexity="1" visitedClasses="0" numClasses="0" visitedMethods="1" numMethods="1" />
              <MetadataToken>100663341</MetadataToken>
              <Name>System.Int64 LiteDB.Sync.LiteSyncCollection`1::LongCount()</Name>
              <FileRef uid="2" />
              <SequencePoints>
                <SequencePoint vc="1" uspid="161" ordinal="0" offset="0" sl="249" sc="9" el="249" ec="10" bec="0" bev="0" fileid="2" />
                <SequencePoint vc="1" uspid="162" ordinal="1" offset="1" sl="250" sc="13" el="250" ec="58" bec="0" bev="0" fileid="2" />
                <SequencePoint vc="1" uspid="163" ordinal="2" offset="15" sl="251" sc="9" el="251" ec="10" bec="0" bev="0" fileid="2" />
              </SequencePoints>
              <BranchPoints />
              <MethodPoint xsi:type="SequencePoint" vc="1" uspid="161" ordinal="0" offset="0" sl="249" sc="9" el="249" ec="10" bec="0" bev="0" fileid="2" />
            </Method>
            <Method visited="true" cyclomaticComplexity="1" nPathComplexity="0" sequenceCoverage="100" branchCoverage="100" isConstructor="false" isStatic="false" isGetter="false" isSetter="false">
              <Summary numSequencePoints="3" visitedSequencePoints="3" numBranchPoints="1" visitedBranchPoints="1" sequenceCoverage="100" branchCoverage="100" maxCyclomaticComplexity="1" minCyclomaticComplexity="1" visitedClasses="0" numClasses="0" visitedMethods="1" numMethods="1" />
              <MetadataToken>100663342</MetadataToken>
              <Name>System.Int64 LiteDB.Sync.LiteSyncCollection`1::LongCount(LiteDB.Query)</Name>
              <FileRef uid="2" />
              <SequencePoints>
                <SequencePoint vc="1" uspid="164" ordinal="0" offset="0" sl="254" sc="9" el="254" ec="10" bec="0" bev="0" fileid="2" />
                <SequencePoint vc="1" uspid="165" ordinal="1" offset="1" sl="255" sc="13" el="255" ec="63" bec="0" bev="0" fileid="2" />
                <SequencePoint vc="1" uspid="166" ordinal="2" offset="16" sl="256" sc="9" el="256" ec="10" bec="0" bev="0" fileid="2" />
              </SequencePoints>
              <BranchPoints />
              <MethodPoint xsi:type="SequencePoint" vc="1" uspid="164" ordinal="0" offset="0" sl="254" sc="9" el="254" ec="10" bec="0" bev="0" fileid="2" />
            </Method>
            <Method visited="true" cyclomaticComplexity="1" nPathComplexity="0" sequenceCoverage="100" branchCoverage="100" isConstructor="false" isStatic="false" isGetter="false" isSetter="false">
              <Summary numSequencePoints="3" visitedSequencePoints="3" numBranchPoints="1" visitedBranchPoints="1" sequenceCoverage="100" branchCoverage="100" maxCyclomaticComplexity="1" minCyclomaticComplexity="1" visitedClasses="0" numClasses="0" visitedMethods="1" numMethods="1" />
              <MetadataToken>100663343</MetadataToken>
              <Name>System.Int64 LiteDB.Sync.LiteSyncCollection`1::LongCount(System.Linq.Expressions.Expression`1&lt;System.Func`2&lt;T,System.Boolean&gt;&gt;)</Name>
              <FileRef uid="2" />
              <SequencePoints>
                <SequencePoint vc="1" uspid="167" ordinal="0" offset="0" sl="259" sc="9" el="259" ec="10" bec="0" bev="0" fileid="2" />
                <SequencePoint vc="1" uspid="168" ordinal="1" offset="1" sl="260" sc="13" el="260" ec="67" bec="0" bev="0" fileid="2" />
                <SequencePoint vc="1" uspid="169" ordinal="2" offset="16" sl="261" sc="9" el="261" ec="10" bec="0" bev="0" fileid="2" />
              </SequencePoints>
              <BranchPoints />
              <MethodPoint xsi:type="SequencePoint" vc="1" uspid="167" ordinal="0" offset="0" sl="259" sc="9" el="259" ec="10" bec="0" bev="0" fileid="2" />
            </Method>
            <Method visited="false" cyclomaticComplexity="1" nPathComplexity="0" sequenceCoverage="0" branchCoverage="0" isConstructor="false" isStatic="false" isGetter="false" isSetter="false">
              <Summary numSequencePoints="3" visitedSequencePoints="0" numBranchPoints="1" visitedBranchPoints="0" sequenceCoverage="0" branchCoverage="0" maxCyclomaticComplexity="1" minCyclomaticComplexity="1" visitedClasses="0" numClasses="0" visitedMethods="0" numMethods="1" />
              <MetadataToken>100663344</MetadataToken>
              <Name>LiteDB.BsonValue LiteDB.Sync.LiteSyncCollection`1::Max(System.String)</Name>
              <FileRef uid="2" />
              <SequencePoints>
                <SequencePoint vc="0" uspid="170" ordinal="0" offset="0" sl="264" sc="9" el="264" ec="10" bec="0" bev="0" fileid="2" />
                <SequencePoint vc="0" uspid="171" ordinal="1" offset="1" sl="265" sc="13" el="265" ec="57" bec="0" bev="0" fileid="2" />
                <SequencePoint vc="0" uspid="172" ordinal="2" offset="16" sl="266" sc="9" el="266" ec="10" bec="0" bev="0" fileid="2" />
              </SequencePoints>
              <BranchPoints />
              <MethodPoint xsi:type="SequencePoint" vc="0" uspid="170" ordinal="0" offset="0" sl="264" sc="9" el="264" ec="10" bec="0" bev="0" fileid="2" />
            </Method>
            <Method visited="false" cyclomaticComplexity="1" nPathComplexity="0" sequenceCoverage="0" branchCoverage="0" isConstructor="false" isStatic="false" isGetter="false" isSetter="false">
              <Summary numSequencePoints="3" visitedSequencePoints="0" numBranchPoints="1" visitedBranchPoints="0" sequenceCoverage="0" branchCoverage="0" maxCyclomaticComplexity="1" minCyclomaticComplexity="1" visitedClasses="0" numClasses="0" visitedMethods="0" numMethods="1" />
              <MetadataToken>100663345</MetadataToken>
              <Name>LiteDB.BsonValue LiteDB.Sync.LiteSyncCollection`1::Max()</Name>
              <FileRef uid="2" />
              <SequencePoints>
                <SequencePoint vc="0" uspid="173" ordinal="0" offset="0" sl="269" sc="9" el="269" ec="10" bec="0" bev="0" fileid="2" />
                <SequencePoint vc="0" uspid="174" ordinal="1" offset="1" sl="270" sc="13" el="270" ec="52" bec="0" bev="0" fileid="2" />
                <SequencePoint vc="0" uspid="175" ordinal="2" offset="15" sl="271" sc="9" el="271" ec="10" bec="0" bev="0" fileid="2" />
              </SequencePoints>
              <BranchPoints />
              <MethodPoint xsi:type="SequencePoint" vc="0" uspid="173" ordinal="0" offset="0" sl="269" sc="9" el="269" ec="10" bec="0" bev="0" fileid="2" />
            </Method>
            <Method visited="false" cyclomaticComplexity="1" nPathComplexity="0" sequenceCoverage="0" branchCoverage="0" isConstructor="false" isStatic="false" isGetter="false" isSetter="false">
              <Summary numSequencePoints="3" visitedSequencePoints="0" numBranchPoints="1" visitedBranchPoints="0" sequenceCoverage="0" branchCoverage="0" maxCyclomaticComplexity="1" minCyclomaticComplexity="1" visitedClasses="0" numClasses="0" visitedMethods="0" numMethods="1" />
              <MetadataToken>100663346</MetadataToken>
              <Name>LiteDB.BsonValue LiteDB.Sync.LiteSyncCollection`1::Max(System.Linq.Expressions.Expression`1&lt;System.Func`2&lt;T,K&gt;&gt;)</Name>
              <FileRef uid="2" />
              <SequencePoints>
                <SequencePoint vc="0" uspid="176" ordinal="0" offset="0" sl="274" sc="9" el="274" ec="10" bec="0" bev="0" fileid="2" />
                <SequencePoint vc="0" uspid="177" ordinal="1" offset="1" sl="275" sc="13" el="275" ec="60" bec="0" bev="0" fileid="2" />
                <SequencePoint vc="0" uspid="178" ordinal="2" offset="16" sl="276" sc="9" el="276" ec="10" bec="0" bev="0" fileid="2" />
              </SequencePoints>
              <BranchPoints />
              <MethodPoint xsi:type="SequencePoint" vc="0" uspid="176" ordinal="0" offset="0" sl="274" sc="9" el="274" ec="10" bec="0" bev="0" fileid="2" />
            </Method>
            <Method visited="false" cyclomaticComplexity="1" nPathComplexity="0" sequenceCoverage="0" branchCoverage="0" isConstructor="false" isStatic="false" isGetter="false" isSetter="false">
              <Summary numSequencePoints="3" visitedSequencePoints="0" numBranchPoints="1" visitedBranchPoints="0" sequenceCoverage="0" branchCoverage="0" maxCyclomaticComplexity="1" minCyclomaticComplexity="1" visitedClasses="0" numClasses="0" visitedMethods="0" numMethods="1" />
              <MetadataToken>100663347</MetadataToken>
              <Name>LiteDB.BsonValue LiteDB.Sync.LiteSyncCollection`1::Min(System.String)</Name>
              <FileRef uid="2" />
              <SequencePoints>
                <SequencePoint vc="0" uspid="179" ordinal="0" offset="0" sl="279" sc="9" el="279" ec="10" bec="0" bev="0" fileid="2" />
                <SequencePoint vc="0" uspid="180" ordinal="1" offset="1" sl="280" sc="13" el="280" ec="57" bec="0" bev="0" fileid="2" />
                <SequencePoint vc="0" uspid="181" ordinal="2" offset="16" sl="281" sc="9" el="281" ec="10" bec="0" bev="0" fileid="2" />
              </SequencePoints>
              <BranchPoints />
              <MethodPoint xsi:type="SequencePoint" vc="0" uspid="179" ordinal="0" offset="0" sl="279" sc="9" el="279" ec="10" bec="0" bev="0" fileid="2" />
            </Method>
            <Method visited="false" cyclomaticComplexity="1" nPathComplexity="0" sequenceCoverage="0" branchCoverage="0" isConstructor="false" isStatic="false" isGetter="false" isSetter="false">
              <Summary numSequencePoints="3" visitedSequencePoints="0" numBranchPoints="1" visitedBranchPoints="0" sequenceCoverage="0" branchCoverage="0" maxCyclomaticComplexity="1" minCyclomaticComplexity="1" visitedClasses="0" numClasses="0" visitedMethods="0" numMethods="1" />
              <MetadataToken>100663348</MetadataToken>
              <Name>LiteDB.BsonValue LiteDB.Sync.LiteSyncCollection`1::Min()</Name>
              <FileRef uid="2" />
              <SequencePoints>
                <SequencePoint vc="0" uspid="182" ordinal="0" offset="0" sl="284" sc="9" el="284" ec="10" bec="0" bev="0" fileid="2" />
                <SequencePoint vc="0" uspid="183" ordinal="1" offset="1" sl="285" sc="13" el="285" ec="52" bec="0" bev="0" fileid="2" />
                <SequencePoint vc="0" uspid="184" ordinal="2" offset="15" sl="286" sc="9" el="286" ec="10" bec="0" bev="0" fileid="2" />
              </SequencePoints>
              <BranchPoints />
              <MethodPoint xsi:type="SequencePoint" vc="0" uspid="182" ordinal="0" offset="0" sl="284" sc="9" el="284" ec="10" bec="0" bev="0" fileid="2" />
            </Method>
            <Method visited="false" cyclomaticComplexity="1" nPathComplexity="0" sequenceCoverage="0" branchCoverage="0" isConstructor="false" isStatic="false" isGetter="false" isSetter="false">
              <Summary numSequencePoints="3" visitedSequencePoints="0" numBranchPoints="1" visitedBranchPoints="0" sequenceCoverage="0" branchCoverage="0" maxCyclomaticComplexity="1" minCyclomaticComplexity="1" visitedClasses="0" numClasses="0" visitedMethods="0" numMethods="1" />
              <MetadataToken>100663349</MetadataToken>
              <Name>LiteDB.BsonValue LiteDB.Sync.LiteSyncCollection`1::Min(System.Linq.Expressions.Expression`1&lt;System.Func`2&lt;T,K&gt;&gt;)</Name>
              <FileRef uid="2" />
              <SequencePoints>
                <SequencePoint vc="0" uspid="185" ordinal="0" offset="0" sl="289" sc="9" el="289" ec="10" bec="0" bev="0" fileid="2" />
                <SequencePoint vc="0" uspid="186" ordinal="1" offset="1" sl="290" sc="13" el="290" ec="60" bec="0" bev="0" fileid="2" />
                <SequencePoint vc="0" uspid="187" ordinal="2" offset="16" sl="291" sc="9" el="291" ec="10" bec="0" bev="0" fileid="2" />
              </SequencePoints>
              <BranchPoints />
              <MethodPoint xsi:type="SequencePoint" vc="0" uspid="185" ordinal="0" offset="0" sl="289" sc="9" el="289" ec="10" bec="0" bev="0" fileid="2" />
            </Method>
            <Method visited="false" cyclomaticComplexity="1" nPathComplexity="0" sequenceCoverage="0" branchCoverage="0" isConstructor="false" isStatic="false" isGetter="false" isSetter="false">
              <Summary numSequencePoints="4" visitedSequencePoints="0" numBranchPoints="1" visitedBranchPoints="0" sequenceCoverage="0" branchCoverage="0" maxCyclomaticComplexity="1" minCyclomaticComplexity="1" visitedClasses="0" numClasses="0" visitedMethods="0" numMethods="1" />
              <MetadataToken>100663350</MetadataToken>
              <Name>System.Boolean LiteDB.Sync.LiteSyncCollection`1::Update(T)</Name>
              <FileRef uid="2" />
              <SequencePoints>
                <SequencePoint vc="0" uspid="188" ordinal="0" offset="0" sl="294" sc="9" el="294" ec="10" bec="0" bev="0" fileid="2" />
                <SequencePoint vc="0" uspid="189" ordinal="1" offset="1" sl="295" sc="13" el="295" ec="36" bec="0" bev="0" fileid="2" />
                <SequencePoint vc="0" uspid="190" ordinal="2" offset="9" sl="297" sc="13" el="297" ec="61" bec="0" bev="0" fileid="2" />
                <SequencePoint vc="0" uspid="191" ordinal="3" offset="24" sl="298" sc="9" el="298" ec="10" bec="0" bev="0" fileid="2" />
              </SequencePoints>
              <BranchPoints />
              <MethodPoint xsi:type="SequencePoint" vc="0" uspid="188" ordinal="0" offset="0" sl="294" sc="9" el="294" ec="10" bec="0" bev="0" fileid="2" />
            </Method>
            <Method visited="true" cyclomaticComplexity="1" nPathComplexity="0" sequenceCoverage="100" branchCoverage="100" isConstructor="false" isStatic="false" isGetter="false" isSetter="false">
              <Summary numSequencePoints="4" visitedSequencePoints="4" numBranchPoints="1" visitedBranchPoints="1" sequenceCoverage="100" branchCoverage="100" maxCyclomaticComplexity="1" minCyclomaticComplexity="1" visitedClasses="0" numClasses="0" visitedMethods="1" numMethods="1" />
              <MetadataToken>100663351</MetadataToken>
              <Name>System.Boolean LiteDB.Sync.LiteSyncCollection`1::Update(LiteDB.BsonValue,T)</Name>
              <FileRef uid="2" />
              <SequencePoints>
                <SequencePoint vc="1" uspid="192" ordinal="0" offset="0" sl="301" sc="9" el="301" ec="10" bec="0" bev="0" fileid="2" />
                <SequencePoint vc="1" uspid="193" ordinal="1" offset="1" sl="302" sc="13" el="302" ec="38" bec="0" bev="0" fileid="2" />
                <SequencePoint vc="1" uspid="194" ordinal="2" offset="9" sl="304" sc="13" el="304" ec="67" bec="0" bev="0" fileid="2" />
                <SequencePoint vc="1" uspid="195" ordinal="3" offset="25" sl="305" sc="9" el="305" ec="10" bec="0" bev="0" fileid="2" />
              </SequencePoints>
              <BranchPoints />
              <MethodPoint xsi:type="SequencePoint" vc="1" uspid="192" ordinal="0" offset="0" sl="301" sc="9" el="301" ec="10" bec="0" bev="0" fileid="2" />
            </Method>
            <Method visited="false" cyclomaticComplexity="1" nPathComplexity="0" sequenceCoverage="0" branchCoverage="0" isConstructor="false" isStatic="false" isGetter="false" isSetter="false">
              <Summary numSequencePoints="4" visitedSequencePoints="0" numBranchPoints="1" visitedBranchPoints="0" sequenceCoverage="0" branchCoverage="0" maxCyclomaticComplexity="1" minCyclomaticComplexity="1" visitedClasses="0" numClasses="0" visitedMethods="0" numMethods="1" />
              <MetadataToken>100663352</MetadataToken>
              <Name>System.Int32 LiteDB.Sync.LiteSyncCollection`1::Update(System.Collections.Generic.IEnumerable`1&lt;T&gt;)</Name>
              <FileRef uid="2" />
              <SequencePoints>
                <SequencePoint vc="0" uspid="196" ordinal="0" offset="0" sl="308" sc="9" el="308" ec="10" bec="0" bev="0" fileid="2" />
                <SequencePoint vc="0" uspid="197" ordinal="1" offset="1" sl="309" sc="13" el="309" ec="38" bec="0" bev="0" fileid="2" />
                <SequencePoint vc="0" uspid="198" ordinal="2" offset="9" sl="311" sc="13" el="311" ec="63" bec="0" bev="0" fileid="2" />
                <SequencePoint vc="0" uspid="199" ordinal="3" offset="24" sl="312" sc="9" el="312" ec="10" bec="0" bev="0" fileid="2" />
              </SequencePoints>
              <BranchPoints />
              <MethodPoint xsi:type="SequencePoint" vc="0" uspid="196" ordinal="0" offset="0" sl="308" sc="9" el="308" ec="10" bec="0" bev="0" fileid="2" />
            </Method>
            <Method visited="true" cyclomaticComplexity="3" nPathComplexity="2" sequenceCoverage="100" branchCoverage="100" isConstructor="false" isStatic="false" isGetter="false" isSetter="false">
              <Summary numSequencePoints="15" visitedSequencePoints="15" numBranchPoints="3" visitedBranchPoints="3" sequenceCoverage="100" branchCoverage="100" maxCyclomaticComplexity="3" minCyclomaticComplexity="3" visitedClasses="0" numClasses="0" visitedMethods="1" numMethods="1" />
              <MetadataToken>100663353</MetadataToken>
              <Name>System.Boolean LiteDB.Sync.LiteSyncCollection`1::Upsert(T)</Name>
              <FileRef uid="2" />
              <SequencePoints>
                <SequencePoint vc="4" uspid="200" ordinal="0" offset="0" sl="315" sc="9" el="315" ec="10" bec="0" bev="0" fileid="2" />
                <SequencePoint vc="4" uspid="201" ordinal="1" offset="1" sl="318" sc="20" el="318" ec="55" bec="0" bev="0" fileid="2" />
                <SequencePoint vc="4" uspid="202" ordinal="2" offset="13" sl="319" sc="13" el="319" ec="14" bec="0" bev="0" fileid="2" />
                <SequencePoint vc="4" uspid="203" ordinal="3" offset="14" sl="320" sc="17" el="320" ec="40" bec="0" bev="0" fileid="2" />
                <SequencePoint vc="4" uspid="204" ordinal="4" offset="22" sl="322" sc="17" el="322" ec="67" bec="0" bev="0" fileid="2" />
                <SequencePoint vc="4" uspid="205" ordinal="5" offset="35" sl="324" sc="17" el="324" ec="28" bec="2" bev="2" fileid="2" />
                <SequencePoint vc="2" uspid="206" ordinal="6" offset="40" sl="325" sc="17" el="325" ec="18" bec="0" bev="0" fileid="2" />
                <SequencePoint vc="2" uspid="207" ordinal="7" offset="41" sl="326" sc="21" el="326" ec="71" bec="0" bev="0" fileid="2" />
                <SequencePoint vc="2" uspid="208" ordinal="8" offset="64" sl="327" sc="21" el="327" ec="81" bec="0" bev="0" fileid="2" />
                <SequencePoint vc="2" uspid="209" ordinal="9" offset="78" sl="329" sc="21" el="329" ec="90" bec="0" bev="0" fileid="2" />
                <SequencePoint vc="2" uspid="210" ordinal="10" offset="97" sl="330" sc="17" el="330" ec="18" bec="0" bev="0" fileid="2" />
                <SequencePoint vc="4" uspid="211" ordinal="11" offset="98" sl="332" sc="17" el="332" ec="29" bec="0" bev="0" fileid="2" />
                <SequencePoint vc="4" uspid="212" ordinal="12" offset="105" sl="333" sc="13" el="333" ec="14" bec="0" bev="0" fileid="2" />
                <SequencePoint vc="4" uspid="213" ordinal="13" offset="119" sl="335" sc="13" el="335" ec="27" bec="0" bev="0" fileid="2" />
                <SequencePoint vc="4" uspid="214" ordinal="14" offset="124" sl="336" sc="9" el="336" ec="10" bec="0" bev="0" fileid="2" />
              </SequencePoints>
              <BranchPoints>
                <BranchPoint vc="2" uspid="215" ordinal="0" offset="38" sl="324" path="0" offsetend="40" fileid="2" />
                <BranchPoint vc="2" uspid="216" ordinal="1" offset="38" sl="324" path="1" offsetend="98" fileid="2" />
              </BranchPoints>
              <MethodPoint xsi:type="SequencePoint" vc="4" uspid="200" ordinal="0" offset="0" sl="315" sc="9" el="315" ec="10" bec="0" bev="0" fileid="2" />
            </Method>
            <Method visited="true" cyclomaticComplexity="3" nPathComplexity="2" sequenceCoverage="100" branchCoverage="100" isConstructor="false" isStatic="false" isGetter="false" isSetter="false">
              <Summary numSequencePoints="14" visitedSequencePoints="14" numBranchPoints="3" visitedBranchPoints="3" sequenceCoverage="100" branchCoverage="100" maxCyclomaticComplexity="3" minCyclomaticComplexity="3" visitedClasses="0" numClasses="0" visitedMethods="1" numMethods="1" />
              <MetadataToken>100663354</MetadataToken>
              <Name>System.Boolean LiteDB.Sync.LiteSyncCollection`1::Upsert(LiteDB.BsonValue,T)</Name>
              <FileRef uid="2" />
              <SequencePoints>
                <SequencePoint vc="3" uspid="217" ordinal="0" offset="0" sl="339" sc="9" el="339" ec="10" bec="0" bev="0" fileid="2" />
                <SequencePoint vc="3" uspid="218" ordinal="1" offset="1" sl="342" sc="20" el="342" ec="55" bec="0" bev="0" fileid="2" />
                <SequencePoint vc="3" uspid="219" ordinal="2" offset="13" sl="343" sc="13" el="343" ec="14" bec="0" bev="0" fileid="2" />
                <SequencePoint vc="3" uspid="220" ordinal="3" offset="14" sl="344" sc="17" el="344" ec="42" bec="0" bev="0" fileid="2" />
                <SequencePoint vc="3" uspid="221" ordinal="4" offset="22" sl="346" sc="17" el="346" ec="73" bec="0" bev="0" fileid="2" />
                <SequencePoint vc="3" uspid="222" ordinal="5" offset="36" sl="348" sc="17" el="348" ec="28" bec="2" bev="2" fileid="2" />
                <SequencePoint vc="2" uspid="223" ordinal="6" offset="41" sl="349" sc="17" el="349" ec="18" bec="0" bev="0" fileid="2" />
                <SequencePoint vc="2" uspid="224" ordinal="7" offset="42" sl="350" sc="21" el="350" ec="81" bec="0" bev="0" fileid="2" />
                <SequencePoint vc="2" uspid="225" ordinal="8" offset="55" sl="352" sc="21" el="352" ec="90" bec="0" bev="0" fileid="2" />
                <SequencePoint vc="2" uspid="226" ordinal="9" offset="73" sl="353" sc="17" el="353" ec="18" bec="0" bev="0" fileid="2" />
                <SequencePoint vc="3" uspid="227" ordinal="10" offset="74" sl="355" sc="17" el="355" ec="29" bec="0" bev="0" fileid="2" />
                <SequencePoint vc="3" uspid="228" ordinal="11" offset="81" sl="356" sc="13" el="356" ec="14" bec="0" bev="0" fileid="2" />
                <SequencePoint vc="3" uspid="229" ordinal="12" offset="95" sl="358" sc="13" el="358" ec="27" bec="0" bev="0" fileid="2" />
                <SequencePoint vc="3" uspid="230" ordinal="13" offset="100" sl="359" sc="9" el="359" ec="10" bec="0" bev="0" fileid="2" />
              </SequencePoints>
              <BranchPoints>
                <BranchPoint vc="2" uspid="231" ordinal="0" offset="39" sl="348" path="0" offsetend="41" fileid="2" />
                <BranchPoint vc="1" uspid="232" ordinal="1" offset="39" sl="348" path="1" offsetend="74" fileid="2" />
              </BranchPoints>
              <MethodPoint xsi:type="SequencePoint" vc="3" uspid="217" ordinal="0" offset="0" sl="339" sc="9" el="339" ec="10" bec="0" bev="0" fileid="2" />
            </Method>
            <Method visited="true" cyclomaticComplexity="5" nPathComplexity="2" sequenceCoverage="100" branchCoverage="100" isConstructor="false" isStatic="false" isGetter="false" isSetter="false">
              <Summary numSequencePoints="22" visitedSequencePoints="22" numBranchPoints="3" visitedBranchPoints="3" sequenceCoverage="100" branchCoverage="100" maxCyclomaticComplexity="5" minCyclomaticComplexity="5" visitedClasses="0" numClasses="0" visitedMethods="1" numMethods="1" />
[...]
              <Name>System.Void LiteDB.Sync.Internal.Patch/&lt;&gt;c::.cctor()</Name>
              <SequencePoints />
              <BranchPoints />
              <MethodPoint vc="1" uspid="876" ordinal="0" offset="0" />
            </Method>
            <Method visited="true" cyclomaticComplexity="1" nPathComplexity="0" sequenceCoverage="0" branchCoverage="0" isConstructor="true" isStatic="false" isGetter="false" isSetter="false">
              <Summary numSequencePoints="0" visitedSequencePoints="0" numBranchPoints="0" visitedBranchPoints="0" sequenceCoverage="0" branchCoverage="0" maxCyclomaticComplexity="1" minCyclomaticComplexity="1" visitedClasses="0" numClasses="0" visitedMethods="0" numMethods="0" />
              <MetadataToken>100663505</MetadataToken>
              <Name>System.Void LiteDB.Sync.Internal.Patch/&lt;&gt;c::.ctor()</Name>
              <SequencePoints />
              <BranchPoints />
              <MethodPoint vc="1" uspid="877" ordinal="0" offset="0" />
            </Method>
            <Method visited="false" cyclomaticComplexity="1" nPathComplexity="0" sequenceCoverage="0" branchCoverage="0" isConstructor="false" isStatic="false" isGetter="false" isSetter="false">
              <Summary numSequencePoints="1" visitedSequencePoints="0" numBranchPoints="1" visitedBranchPoints="0" sequenceCoverage="0" branchCoverage="0" maxCyclomaticComplexity="1" minCyclomaticComplexity="1" visitedClasses="0" numClasses="0" visitedMethods="0" numMethods="1" />
              <MetadataToken>100663506</MetadataToken>
              <Name>LiteDB.Sync.Internal.EntityId LiteDB.Sync.Internal.Patch/&lt;&gt;c::&lt;.ctor&gt;b__3_0(LiteDB.Sync.Internal.EntityChange)</Name>
              <FileRef uid="19" />
              <SequencePoints>
                <SequencePoint vc="0" uspid="878" ordinal="0" offset="0" sl="45" sc="22" el="45" ec="32" bec="0" bev="0" fileid="19" />
              </SequencePoints>
              <BranchPoints />
              <MethodPoint xsi:type="SequencePoint" vc="0" uspid="878" ordinal="0" offset="0" sl="45" sc="22" el="45" ec="32" bec="0" bev="0" fileid="19" />
            </Method>
            <Method visited="false" cyclomaticComplexity="1" nPathComplexity="0" sequenceCoverage="0" branchCoverage="0" isConstructor="false" isStatic="false" isGetter="false" isSetter="false">
              <Summary numSequencePoints="1" visitedSequencePoints="0" numBranchPoints="1" visitedBranchPoints="0" sequenceCoverage="0" branchCoverage="0" maxCyclomaticComplexity="1" minCyclomaticComplexity="1" visitedClasses="0" numClasses="0" visitedMethods="0" numMethods="1" />
              <MetadataToken>100663507</MetadataToken>
              <Name>LiteDB.Sync.Internal.EntityChange LiteDB.Sync.Internal.Patch/&lt;&gt;c::&lt;.ctor&gt;b__3_1(LiteDB.Sync.Internal.EntityChange)</Name>
              <FileRef uid="19" />
              <SequencePoints>
                <SequencePoint vc="0" uspid="879" ordinal="0" offset="0" sl="46" sc="22" el="46" ec="23" bec="0" bev="0" fileid="19" />
              </SequencePoints>
              <BranchPoints />
              <MethodPoint xsi:type="SequencePoint" vc="0" uspid="879" ordinal="0" offset="0" sl="46" sc="22" el="46" ec="23" bec="0" bev="0" fileid="19" />
            </Method>
            <Method visited="true" cyclomaticComplexity="1" nPathComplexity="0" sequenceCoverage="100" branchCoverage="100" isConstructor="false" isStatic="false" isGetter="false" isSetter="false">
              <Summary numSequencePoints="1" visitedSequencePoints="1" numBranchPoints="1" visitedBranchPoints="1" sequenceCoverage="100" branchCoverage="100" maxCyclomaticComplexity="1" minCyclomaticComplexity="1" visitedClasses="0" numClasses="0" visitedMethods="1" numMethods="1" />
              <MetadataToken>100663508</MetadataToken>
              <Name>LiteDB.Sync.Internal.EntityChange LiteDB.Sync.Internal.Patch/&lt;&gt;c::&lt;GetEnumerator&gt;b__8_0(System.Collections.Generic.KeyValuePair`2&lt;LiteDB.Sync.Internal.EntityId,LiteDB.Sync.Internal.EntityChange&gt;)</Name>
              <FileRef uid="19" />
              <SequencePoints>
                <SequencePoint vc="20" uspid="880" ordinal="0" offset="0" sl="63" sc="45" el="63" ec="52" bec="0" bev="0" fileid="19" />
              </SequencePoints>
              <BranchPoints />
              <MethodPoint xsi:type="SequencePoint" vc="20" uspid="880" ordinal="0" offset="0" sl="63" sc="45" el="63" ec="52" bec="0" bev="0" fileid="19" />
            </Method>
          </Methods>
        </Class>
        <Class>
          <Summary numSequencePoints="13" visitedSequencePoints="0" numBranchPoints="6" visitedBranchPoints="0" sequenceCoverage="0" branchCoverage="0" maxCyclomaticComplexity="3" minCyclomaticComplexity="1" visitedClasses="0" numClasses="1" visitedMethods="0" numMethods="4" />
          <FullName>LiteDB.Sync.Internal.PullResult</FullName>
          <Methods>
            <Method visited="false" cyclomaticComplexity="1" nPathComplexity="0" sequenceCoverage="0" branchCoverage="0" isConstructor="false" isStatic="false" isGetter="true" isSetter="false">
              <Summary numSequencePoints="1" visitedSequencePoints="0" numBranchPoints="1" visitedBranchPoints="0" sequenceCoverage="0" branchCoverage="0" maxCyclomaticComplexity="1" minCyclomaticComplexity="1" visitedClasses="0" numClasses="0" visitedMethods="0" numMethods="1" />
              <MetadataToken>100663485</MetadataToken>
              <Name>System.String LiteDB.Sync.Internal.PullResult::get_Etag()</Name>
              <FileRef uid="22" />
              <SequencePoints>
                <SequencePoint vc="0" uspid="881" ordinal="0" offset="0" sl="13" sc="30" el="13" ec="34" bec="0" bev="0" fileid="22" />
              </SequencePoints>
              <BranchPoints />
              <MethodPoint xsi:type="SequencePoint" vc="0" uspid="881" ordinal="0" offset="0" sl="13" sc="30" el="13" ec="34" bec="0" bev="0" fileid="22" />
            </Method>
            <Method visited="false" cyclomaticComplexity="1" nPathComplexity="0" sequenceCoverage="0" branchCoverage="0" isConstructor="false" isStatic="false" isGetter="true" isSetter="false">
              <Summary numSequencePoints="1" visitedSequencePoints="0" numBranchPoints="1" visitedBranchPoints="0" sequenceCoverage="0" branchCoverage="0" maxCyclomaticComplexity="1" minCyclomaticComplexity="1" visitedClasses="0" numClasses="0" visitedMethods="0" numMethods="1" />
              <MetadataToken>100663486</MetadataToken>
              <Name>LiteDB.Sync.Internal.Patch LiteDB.Sync.Internal.PullResult::get_RemoteChanges()</Name>
              <FileRef uid="22" />
              <SequencePoints>
                <SequencePoint vc="0" uspid="882" ordinal="0" offset="0" sl="15" sc="38" el="15" ec="42" bec="0" bev="0" fileid="22" />
              </SequencePoints>
              <BranchPoints />
              <MethodPoint xsi:type="SequencePoint" vc="0" uspid="882" ordinal="0" offset="0" sl="15" sc="38" el="15" ec="42" bec="0" bev="0" fileid="22" />
            </Method>
            <Method visited="false" cyclomaticComplexity="1" nPathComplexity="0" sequenceCoverage="0" branchCoverage="0" isConstructor="true" isStatic="false" isGetter="false" isSetter="false">
              <Summary numSequencePoints="5" visitedSequencePoints="0" numBranchPoints="1" visitedBranchPoints="0" sequenceCoverage="0" branchCoverage="0" maxCyclomaticComplexity="1" minCyclomaticComplexity="1" visitedClasses="0" numClasses="0" visitedMethods="0" numMethods="1" />
              <MetadataToken>100663484</MetadataToken>
              <Name>System.Void LiteDB.Sync.Internal.PullResult::.ctor(System.Collections.Generic.IList`1&lt;LiteDB.Sync.Internal.Patch&gt;,System.String)</Name>
              <FileRef uid="22" />
              <SequencePoints>
                <SequencePoint vc="0" uspid="883" ordinal="0" offset="0" sl="7" sc="9" el="7" ec="68" bec="0" bev="0" fileid="22" />
                <SequencePoint vc="0" uspid="884" ordinal="1" offset="7" sl="8" sc="9" el="8" ec="10" bec="0" bev="0" fileid="22" />
                <SequencePoint vc="0" uspid="885" ordinal="2" offset="8" sl="9" sc="13" el="9" ec="63" bec="0" bev="0" fileid="22" />
                <SequencePoint vc="0" uspid="886" ordinal="3" offset="21" sl="10" sc="13" el="10" ec="30" bec="0" bev="0" fileid="22" />
                <SequencePoint vc="0" uspid="887" ordinal="4" offset="28" sl="11" sc="9" el="11" ec="10" bec="0" bev="0" fileid="22" />
              </SequencePoints>
              <BranchPoints />
              <MethodPoint xsi:type="SequencePoint" vc="0" uspid="883" ordinal="0" offset="0" sl="7" sc="9" el="7" ec="68" bec="0" bev="0" fileid="22" />
            </Method>
            <Method visited="false" cyclomaticComplexity="3" nPathComplexity="2" sequenceCoverage="0" branchCoverage="0" isConstructor="false" isStatic="false" isGetter="false" isSetter="false">
              <Summary numSequencePoints="6" visitedSequencePoints="0" numBranchPoints="3" visitedBranchPoints="0" sequenceCoverage="0" branchCoverage="0" maxCyclomaticComplexity="3" minCyclomaticComplexity="3" visitedClasses="0" numClasses="0" visitedMethods="0" numMethods="1" />
              <MetadataToken>100663487</MetadataToken>
              <Name>LiteDB.Sync.Internal.Patch LiteDB.Sync.Internal.PullResult::CombineChanges(System.Collections.Generic.IList`1&lt;LiteDB.Sync.Internal.Patch&gt;)</Name>
              <FileRef uid="22" />
              <SequencePoints>
                <SequencePoint vc="0" uspid="888" ordinal="0" offset="0" sl="18" sc="9" el="18" ec="10" bec="0" bev="0" fileid="22" />
                <SequencePoint vc="0" uspid="889" ordinal="1" offset="1" sl="19" sc="13" el="19" ec="55" bec="2" bev="0" fileid="22" />
                <SequencePoint vc="0" uspid="890" ordinal="2" offset="20" sl="20" sc="13" el="20" ec="14" bec="0" bev="0" fileid="22" />
                <SequencePoint vc="0" uspid="891" ordinal="3" offset="21" sl="21" sc="17" el="21" ec="36" bec="0" bev="0" fileid="22" />
                <SequencePoint vc="0" uspid="892" ordinal="4" offset="29" sl="24" sc="13" el="24" ec="43" bec="0" bev="0" fileid="22" />
                <SequencePoint vc="0" uspid="893" ordinal="5" offset="38" sl="25" sc="9" el="25" ec="10" bec="0" bev="0" fileid="22" />
              </SequencePoints>
              <BranchPoints>
                <BranchPoint vc="0" uspid="896" ordinal="2" offset="18" sl="19" path="0" offsetend="20" fileid="22" />
                <BranchPoint vc="0" uspid="897" ordinal="3" offset="18" sl="19" path="1" offsetend="29" fileid="22" />
              </BranchPoints>
              <MethodPoint xsi:type="SequencePoint" vc="0" uspid="888" ordinal="0" offset="0" sl="18" sc="9" el="18" ec="10" bec="0" bev="0" fileid="22" />
            </Method>
          </Methods>
        </Class>
        <Class>
          <Summary numSequencePoints="3" visitedSequencePoints="0" numBranchPoints="1" visitedBranchPoints="0" sequenceCoverage="0" branchCoverage="0" maxCyclomaticComplexity="1" minCyclomaticComplexity="1" visitedClasses="0" numClasses="1" visitedMethods="0" numMethods="1" />
          <FullName>LiteDB.Sync.Exceptions.LiteSyncCloudAuthFailedException</FullName>
          <Methods>
            <Method visited="false" cyclomaticComplexity="1" nPathComplexity="0" sequenceCoverage="0" branchCoverage="0" isConstructor="true" isStatic="false" isGetter="false" isSetter="false">
              <Summary numSequencePoints="3" visitedSequencePoints="0" numBranchPoints="1" visitedBranchPoints="0" sequenceCoverage="0" branchCoverage="0" maxCyclomaticComplexity="1" minCyclomaticComplexity="1" visitedClasses="0" numClasses="0" visitedMethods="0" numMethods="1" />
              <MetadataToken>100663488</MetadataToken>
              <Name>System.Void LiteDB.Sync.Exceptions.LiteSyncCloudAuthFailedException::.ctor(System.Type,System.Exception)</Name>
              <FileRef uid="23" />
              <SequencePoints>
                <SequencePoint vc="0" uspid="898" ordinal="0" offset="0" sl="8" sc="15" el="8" ec="86" bec="0" bev="0" fileid="23" />
                <SequencePoint vc="0" uspid="899" ordinal="1" offset="19" sl="9" sc="9" el="9" ec="10" bec="0" bev="0" fileid="23" />
                <SequencePoint vc="0" uspid="900" ordinal="2" offset="20" sl="10" sc="9" el="10" ec="10" bec="0" bev="0" fileid="23" />
              </SequencePoints>
              <BranchPoints />
              <MethodPoint xsi:type="SequencePoint" vc="0" uspid="898" ordinal="0" offset="0" sl="8" sc="15" el="8" ec="86" bec="0" bev="0" fileid="23" />
            </Method>
          </Methods>
        </Class>
        <Class>
          <Summary numSequencePoints="3" visitedSequencePoints="0" numBranchPoints="1" visitedBranchPoints="0" sequenceCoverage="0" branchCoverage="0" maxCyclomaticComplexity="1" minCyclomaticComplexity="1" visitedClasses="0" numClasses="1" visitedMethods="0" numMethods="1" />
          <FullName>LiteDB.Sync.Exceptions.LiteSyncCloudOperationFailedException</FullName>
          <Methods>
            <Method visited="false" cyclomaticComplexity="1" nPathComplexity="0" sequenceCoverage="0" branchCoverage="0" isConstructor="true" isStatic="false" isGetter="false" isSetter="false">
              <Summary numSequencePoints="3" visitedSequencePoints="0" numBranchPoints="1" visitedBranchPoints="0" sequenceCoverage="0" branchCoverage="0" maxCyclomaticComplexity="1" minCyclomaticComplexity="1" visitedClasses="0" numClasses="0" visitedMethods="0" numMethods="1" />
              <MetadataToken>100663489</MetadataToken>
              <Name>System.Void LiteDB.Sync.Exceptions.LiteSyncCloudOperationFailedException::.ctor(System.String,System.Exception)</Name>
              <FileRef uid="24" />
              <SequencePoints>
                <SequencePoint vc="0" uspid="901" ordinal="0" offset="0" sl="8" sc="15" el="8" ec="76" bec="0" bev="0" fileid="24" />
                <SequencePoint vc="0" uspid="902" ordinal="1" offset="19" sl="9" sc="9" el="9" ec="10" bec="0" bev="0" fileid="24" />
                <SequencePoint vc="0" uspid="903" ordinal="2" offset="20" sl="10" sc="9" el="10" ec="10" bec="0" bev="0" fileid="24" />
              </SequencePoints>
              <BranchPoints />
              <MethodPoint xsi:type="SequencePoint" vc="0" uspid="901" ordinal="0" offset="0" sl="8" sc="15" el="8" ec="76" bec="0" bev="0" fileid="24" />
            </Method>
          </Methods>
        </Class>
        <Class>
          <Summary numSequencePoints="3" visitedSequencePoints="0" numBranchPoints="1" visitedBranchPoints="0" sequenceCoverage="0" branchCoverage="0" maxCyclomaticComplexity="1" minCyclomaticComplexity="1" visitedClasses="0" numClasses="1" visitedMethods="0" numMethods="1" />
          <FullName>LiteDB.Sync.Exceptions.LiteSyncConflictNotResolvedException</FullName>
          <Methods>
            <Method visited="false" cyclomaticComplexity="1" nPathComplexity="0" sequenceCoverage="0" branchCoverage="0" isConstructor="true" isStatic="false" isGetter="false" isSetter="false">
              <Summary numSequencePoints="3" visitedSequencePoints="0" numBranchPoints="1" visitedBranchPoints="0" sequenceCoverage="0" branchCoverage="0" maxCyclomaticComplexity="1" minCyclomaticComplexity="1" visitedClasses="0" numClasses="0" visitedMethods="0" numMethods="1" />
              <MetadataToken>100663490</MetadataToken>
              <Name>System.Void LiteDB.Sync.Exceptions.LiteSyncConflictNotResolvedException::.ctor(LiteDB.Sync.Internal.EntityId,System.Exception)</Name>
              <FileRef uid="25" />
              <SequencePoints>
                <SequencePoint vc="0" uspid="904" ordinal="0" offset="0" sl="9" sc="15" el="9" ec="89" bec="0" bev="0" fileid="25" />
                <SequencePoint vc="0" uspid="905" ordinal="1" offset="19" sl="9" sc="90" el="9" ec="91" bec="0" bev="0" fileid="25" />
                <SequencePoint vc="0" uspid="906" ordinal="2" offset="20" sl="9" sc="92" el="9" ec="93" bec="0" bev="0" fileid="25" />
              </SequencePoints>
              <BranchPoints />
              <MethodPoint xsi:type="SequencePoint" vc="0" uspid="904" ordinal="0" offset="0" sl="9" sc="15" el="9" ec="89" bec="0" bev="0" fileid="25" />
            </Method>
          </Methods>
        </Class>
        <Class>
          <Summary numSequencePoints="3" visitedSequencePoints="3" numBranchPoints="1" visitedBranchPoints="1" sequenceCoverage="100" branchCoverage="100" maxCyclomaticComplexity="1" minCyclomaticComplexity="1" visitedClasses="1" numClasses="1" visitedMethods="1" numMethods="1" />
          <FullName>LiteDB.Sync.Exceptions.LiteSyncException</FullName>
          <Methods>
            <Method visited="true" cyclomaticComplexity="1" nPathComplexity="0" sequenceCoverage="100" branchCoverage="100" isConstructor="true" isStatic="false" isGetter="false" isSetter="false">
              <Summary numSequencePoints="3" visitedSequencePoints="3" numBranchPoints="1" visitedBranchPoints="1" sequenceCoverage="100" branchCoverage="100" maxCyclomaticComplexity="1" minCyclomaticComplexity="1" visitedClasses="0" numClasses="0" visitedMethods="1" numMethods="1" />
              <MetadataToken>100663491</MetadataToken>
              <Name>System.Void LiteDB.Sync.Exceptions.LiteSyncException::.ctor(System.String,System.Exception)</Name>
              <FileRef uid="26" />
              <SequencePoints>
                <SequencePoint vc="2" uspid="907" ordinal="0" offset="0" sl="8" sc="15" el="8" ec="37" bec="0" bev="0" fileid="26" />
                <SequencePoint vc="2" uspid="908" ordinal="1" offset="9" sl="9" sc="9" el="9" ec="10" bec="0" bev="0" fileid="26" />
                <SequencePoint vc="2" uspid="909" ordinal="2" offset="10" sl="10" sc="9" el="10" ec="10" bec="0" bev="0" fileid="26" />
              </SequencePoints>
              <BranchPoints />
              <MethodPoint xsi:type="SequencePoint" vc="2" uspid="907" ordinal="0" offset="0" sl="8" sc="15" el="8" ec="37" bec="0" bev="0" fileid="26" />
            </Method>
          </Methods>
        </Class>
        <Class>
          <Summary numSequencePoints="3" visitedSequencePoints="3" numBranchPoints="1" visitedBranchPoints="1" sequenceCoverage="100" branchCoverage="100" maxCyclomaticComplexity="1" minCyclomaticComplexity="1" visitedClasses="1" numClasses="1" visitedMethods="1" numMethods="1" />
          <FullName>LiteDB.Sync.Exceptions.LiteSyncInvalidEntityException</FullName>
          <Methods>
            <Method visited="true" cyclomaticComplexity="1" nPathComplexity="0" sequenceCoverage="100" branchCoverage="100" isConstructor="true" isStatic="false" isGetter="false" isSetter="false">
              <Summary numSequencePoints="3" visitedSequencePoints="3" numBranchPoints="1" visitedBranchPoints="1" sequenceCoverage="100" branchCoverage="100" maxCyclomaticComplexity="1" minCyclomaticComplexity="1" visitedClasses="0" numClasses="0" visitedMethods="1" numMethods="1" />
              <MetadataToken>100663492</MetadataToken>
              <Name>System.Void LiteDB.Sync.Exceptions.LiteSyncInvalidEntityException::.ctor(System.Type)</Name>
              <FileRef uid="27" />
              <SequencePoints>
                <SequencePoint vc="2" uspid="910" ordinal="0" offset="0" sl="8" sc="15" el="8" ec="191" bec="0" bev="0" fileid="27" />
                <SequencePoint vc="2" uspid="911" ordinal="1" offset="24" sl="9" sc="9" el="9" ec="10" bec="0" bev="0" fileid="27" />
                <SequencePoint vc="2" uspid="912" ordinal="2" offset="25" sl="10" sc="9" el="10" ec="10" bec="0" bev="0" fileid="27" />
              </SequencePoints>
              <BranchPoints />
              <MethodPoint xsi:type="SequencePoint" vc="2" uspid="910" ordinal="0" offset="0" sl="8" sc="15" el="8" ec="191" bec="0" bev="0" fileid="27" />
            </Method>
          </Methods>
        </Class>
      </Classes>
    </Module>
  </Modules>
</CoverageSession>