<?xml version="1.0" encoding="utf-8" standalone="no"?>
<test-run id="2" testcasecount="60" result="Failed" total="60" passed="59" failed="1" inconclusive="0" skipped="0" asserts="185" engine-version="3.6.1.0" clr-version="4.0.30319.42000" start-time="2017-06-01 12:34:17Z" end-time="2017-06-01 12:34:21Z" duration="3.852237">
  <command-line><![CDATA["C:\Users\lholota\.nuget\packages\NUnit.ConsoleRunner\3.6.1\tools\nunit3-console.exe" --noheader .\source\LiteDB.Sync.Tests\bin\Debug\net47\LiteDB.Sync.Tests.dll --result=TestResults.xml;format=nunit3]]></command-line>
  <test-suite type="Assembly" id="0-1096" name="LiteDB.Sync.Tests.dll" fullname="C:\git\litedb-sync\sync-lib\source\LiteDB.Sync.Tests\bin\Debug\net47\LiteDB.Sync.Tests.dll" runstate="Runnable" testcasecount="60" result="Failed" site="Child" start-time="2017-06-01 12:34:19Z" end-time="2017-06-01 12:34:21Z" duration="1.544313" total="60" passed="59" failed="1" warnings="0" inconclusive="0" skipped="0" asserts="185">
    <environment framework-version="3.6.1.0" clr-version="4.0.30319.42000" os-version="Microsoft Windows NT 10.0.15063.0" platform="Win32NT" cwd="C:\git\litedb-sync\sync-lib" machine-name="LHOLOTA-W1" user="lholota" user-domain="EUROPE" culture="en-US" uiculture="en-US" os-architecture="x64" />
    <settings>
      <setting name="DisposeRunners" value="True" />
      <setting name="WorkDirectory" value="C:\git\litedb-sync\sync-lib" />
      <setting name="ImageRuntimeVersion" value="4.0.30319" />
      <setting name="ImageTargetFrameworkName" value=".NETFramework,Version=v4.7" />
      <setting name="ImageRequiresX86" value="False" />
      <setting name="ImageRequiresDefaultAppDomainAssemblyResolver" value="False" />
      <setting name="NumberOfTestWorkers" value="8" />
    </settings>
    <properties>
      <property name="_PID" value="79108" />
      <property name="_APPDOMAIN" value="domain-" />
    </properties>
    <failure>
      <message><![CDATA[One or more child tests had errors]]></message>
    </failure>
    <test-suite type="TestSuite" id="0-1097" name="LiteDB" fullname="LiteDB" runstate="Runnable" testcasecount="60" result="Failed" site="Child" start-time="2017-06-01 12:34:19Z" end-time="2017-06-01 12:34:21Z" duration="1.522900" total="60" passed="59" failed="1" warnings="0" inconclusive="0" skipped="0" asserts="185">
      <failure>
        <message><![CDATA[One or more child tests had errors]]></message>
      </failure>
      <test-suite type="TestSuite" id="0-1098" name="Sync" fullname="LiteDB.Sync" runstate="Runnable" testcasecount="60" result="Failed" site="Child" start-time="2017-06-01 12:34:19Z" end-time="2017-06-01 12:34:21Z" duration="1.519002" total="60" passed="59" failed="1" warnings="0" inconclusive="0" skipped="0" asserts="185">
        <failure>
          <message><![CDATA[One or more child tests had errors]]></message>
        </failure>
        <test-suite type="TestSuite" id="0-1099" name="Tests" fullname="LiteDB.Sync.Tests" runstate="Runnable" testcasecount="60" result="Failed" site="Child" start-time="2017-06-01 12:34:19Z" end-time="2017-06-01 12:34:21Z" duration="1.514953" total="60" passed="59" failed="1" warnings="0" inconclusive="0" skipped="0" asserts="185">
          <failure>
            <message><![CDATA[One or more child tests had errors]]></message>
          </failure>
          <test-suite type="TestSuite" id="0-1100" name="Unit" fullname="LiteDB.Sync.Tests.Unit" runstate="Runnable" testcasecount="60" result="Failed" site="Child" start-time="2017-06-01 12:34:19Z" end-time="2017-06-01 12:34:21Z" duration="1.510984" total="60" passed="59" failed="1" warnings="0" inconclusive="0" skipped="0" asserts="185">
            <failure>
              <message><![CDATA[One or more child tests had errors]]></message>
            </failure>
            <test-suite type="TestSuite" id="0-1102" name="Internal" fullname="LiteDB.Sync.Tests.Unit.Internal" runstate="Runnable" testcasecount="7" result="Failed" site="Child" start-time="2017-06-01 12:34:19Z" end-time="2017-06-01 12:34:20Z" duration="0.406182" total="7" passed="6" failed="1" warnings="0" inconclusive="0" skipped="0" asserts="20">
              <failure>
                <message><![CDATA[One or more child tests had errors]]></message>
              </failure>
              <test-suite type="TestFixture" id="0-1002" name="PatchTests" fullname="LiteDB.Sync.Tests.Unit.Internal.PatchTests" classname="LiteDB.Sync.Tests.Unit.Internal.PatchTests" runstate="Runnable" testcasecount="0" result="Passed" start-time="2017-06-01 12:34:19Z" end-time="2017-06-01 12:34:19Z" duration="0.001754" total="0" passed="0" failed="0" warnings="0" inconclusive="0" skipped="0" asserts="0" />
              <test-suite type="TestFixture" id="0-1088" name="PatchTests+WhenAddingChanges" fullname="LiteDB.Sync.Tests.Unit.Internal.PatchTests+WhenAddingChanges" classname="LiteDB.Sync.Tests.Unit.Internal.PatchTests+WhenAddingChanges" runstate="Runnable" testcasecount="2" result="Passed" start-time="2017-06-01 12:34:19Z" end-time="2017-06-01 12:34:20Z" duration="0.292914" total="2" passed="2" failed="0" warnings="0" inconclusive="0" skipped="0" asserts="8">
                <test-case id="0-1089" name="ShouldContainAddedChanges" fullname="LiteDB.Sync.Tests.Unit.Internal.PatchTests+WhenAddingChanges.ShouldContainAddedChanges" methodname="ShouldContainAddedChanges" classname="LiteDB.Sync.Tests.Unit.Internal.PatchTests+WhenAddingChanges" runstate="Runnable" seed="730590458" result="Passed" start-time="2017-06-01 12:34:19Z" end-time="2017-06-01 12:34:20Z" duration="0.276133" asserts="4" />
                <test-case id="0-1090" name="ShouldContainAddedDeletes" fullname="LiteDB.Sync.Tests.Unit.Internal.PatchTests+WhenAddingChanges.ShouldContainAddedDeletes" methodname="ShouldContainAddedDeletes" classname="LiteDB.Sync.Tests.Unit.Internal.PatchTests+WhenAddingChanges" runstate="Runnable" seed="1405043902" result="Passed" start-time="2017-06-01 12:34:20Z" end-time="2017-06-01 12:34:20Z" duration="0.003117" asserts="4" />
              </test-suite>
              <test-suite type="TestFixture" id="0-1091" name="PatchTests+WhenCombiningPatches" fullname="LiteDB.Sync.Tests.Unit.Internal.PatchTests+WhenCombiningPatches" classname="LiteDB.Sync.Tests.Unit.Internal.PatchTests+WhenCombiningPatches" runstate="Runnable" testcasecount="4" result="Passed" start-time="2017-06-01 12:34:20Z" end-time="2017-06-01 12:34:20Z" duration="0.025096" total="4" passed="4" failed="0" warnings="0" inconclusive="0" skipped="0" asserts="12">
                <test-case id="0-1094" name="ShouldContainChangeIfEntityWasRecreated" fullname="LiteDB.Sync.Tests.Unit.Internal.PatchTests+WhenCombiningPatches.ShouldContainChangeIfEntityWasRecreated" methodname="ShouldContainChangeIfEntityWasRecreated" classname="LiteDB.Sync.Tests.Unit.Internal.PatchTests+WhenCombiningPatches" runstate="Runnable" seed="2051924287" result="Passed" start-time="2017-06-01 12:34:20Z" end-time="2017-06-01 12:34:20Z" duration="0.005290" asserts="3" />
                <test-case id="0-1093" name="ShouldContainDeleteIfEntityWasLastDeleted" fullname="LiteDB.Sync.Tests.Unit.Internal.PatchTests+WhenCombiningPatches.ShouldContainDeleteIfEntityWasLastDeleted" methodname="ShouldContainDeleteIfEntityWasLastDeleted" classname="LiteDB.Sync.Tests.Unit.Internal.PatchTests+WhenCombiningPatches" runstate="Runnable" seed="1319207774" result="Passed" start-time="2017-06-01 12:34:20Z" end-time="2017-06-01 12:34:20Z" duration="0.000557" asserts="3" />
                <test-case id="0-1092" name="ShouldContainLastChangeWhenEntityWasChangedMultipleTimes" fullname="LiteDB.Sync.Tests.Unit.Internal.PatchTests+WhenCombiningPatches.ShouldContainLastChangeWhenEntityWasChangedMultipleTimes" methodname="ShouldContainLastChangeWhenEntityWasChangedMultipleTimes" classname="LiteDB.Sync.Tests.Unit.Internal.PatchTests+WhenCombiningPatches" runstate="Runnable" seed="116747380" result="Passed" start-time="2017-06-01 12:34:20Z" end-time="2017-06-01 12:34:20Z" duration="0.005836" asserts="5" />
                <test-case id="0-1095" name="ShouldNotMergeSameIdsInDifferentCollections" fullname="LiteDB.Sync.Tests.Unit.Internal.PatchTests+WhenCombiningPatches.ShouldNotMergeSameIdsInDifferentCollections" methodname="ShouldNotMergeSameIdsInDifferentCollections" classname="LiteDB.Sync.Tests.Unit.Internal.PatchTests+WhenCombiningPatches" runstate="Runnable" seed="1911246482" result="Passed" start-time="2017-06-01 12:34:20Z" end-time="2017-06-01 12:34:20Z" duration="0.000422" asserts="1" />
              </test-suite>
              <test-suite type="TestFixture" id="0-1086" name="PatchTests+WhenSerializing" fullname="LiteDB.Sync.Tests.Unit.Internal.PatchTests+WhenSerializing" classname="LiteDB.Sync.Tests.Unit.Internal.PatchTests+WhenSerializing" runstate="Runnable" testcasecount="1" result="Failed" site="Child" start-time="2017-06-01 12:34:20Z" end-time="2017-06-01 12:34:20Z" duration="0.063293" total="1" passed="0" failed="1" warnings="0" inconclusive="0" skipped="0" asserts="0">
                <failure>
                  <message><![CDATA[One or more child tests had errors]]></message>
                </failure>
                <test-case id="0-1087" name="ShouldSerializeAndDeserialize" fullname="LiteDB.Sync.Tests.Unit.Internal.PatchTests+WhenSerializing.ShouldSerializeAndDeserialize" methodname="ShouldSerializeAndDeserialize" classname="LiteDB.Sync.Tests.Unit.Internal.PatchTests+WhenSerializing" runstate="Runnable" seed="274053137" result="Failed" label="Error" start-time="2017-06-01 12:34:20Z" end-time="2017-06-01 12:34:20Z" duration="0.059098" asserts="0">
                  <failure>
                    <message><![CDATA[System.NullReferenceException : Object reference not set to an instance of an object.]]></message>
                    <stack-trace><![CDATA[   at LiteDB.BsonMapper.ToDocument[T](T entity)
   at LiteDB.Sync.Tests.Unit.Internal.PatchTests.WhenSerializing.ShouldSerializeAndDeserialize() in C:\git\litedb-sync\sync-lib\source\LiteDB.Sync.Tests\Unit\Internal\PatchTests.cs:line 20]]></stack-trace>
                  </failure>
                </test-case>
              </test-suite>
            </test-suite>
            <test-suite type="TestSuite" id="0-1101" name="LiteSyncCollection" fullname="LiteDB.Sync.Tests.Unit.LiteSyncCollection" runstate="Runnable" testcasecount="53" result="Passed" start-time="2017-06-01 12:34:19Z" end-time="2017-06-01 12:34:21Z" duration="1.502136" total="53" passed="53" failed="0" warnings="0" inconclusive="0" skipped="0" asserts="165">
              <test-suite type="TestFixture" id="0-1000" name="LiteSyncCollectionTests" fullname="LiteDB.Sync.Tests.Unit.LiteSyncCollection.LiteSyncCollectionTests" classname="LiteDB.Sync.Tests.Unit.LiteSyncCollection.LiteSyncCollectionTests" runstate="Runnable" testcasecount="0" result="Passed" start-time="2017-06-01 12:34:20Z" end-time="2017-06-01 12:34:20Z" duration="0.000087" total="0" passed="0" failed="0" warnings="0" inconclusive="0" skipped="0" asserts="0" />
              <test-suite type="TestFixture" id="0-1029" name="LiteSyncCollectionTests+WhenCheckingExistsByPredicate" fullname="LiteDB.Sync.Tests.Unit.LiteSyncCollection.LiteSyncCollectionTests+WhenCheckingExistsByPredicate" classname="LiteDB.Sync.Tests.Unit.LiteSyncCollection.LiteSyncCollectionTests+WhenCheckingExistsByPredicate" runstate="Runnable" testcasecount="2" result="Passed" start-time="2017-06-01 12:34:20Z" end-time="2017-06-01 12:34:20Z" duration="0.591405" total="2" passed="2" failed="0" warnings="0" inconclusive="0" skipped="0" asserts="4">
                <test-case id="0-1031" name="ShouldReturnFalseIfNonExists" fullname="LiteDB.Sync.Tests.Unit.LiteSyncCollection.LiteSyncCollectionTests+WhenCheckingExistsByPredicate.ShouldReturnFalseIfNonExists" methodname="ShouldReturnFalseIfNonExists" classname="LiteDB.Sync.Tests.Unit.LiteSyncCollection.LiteSyncCollectionTests+WhenCheckingExistsByPredicate" runstate="Runnable" seed="957643671" result="Passed" start-time="2017-06-01 12:34:20Z" end-time="2017-06-01 12:34:20Z" duration="0.579949" asserts="2" />
                <test-case id="0-1030" name="ShouldReturnTrueIfAtLeastOneExists" fullname="LiteDB.Sync.Tests.Unit.LiteSyncCollection.LiteSyncCollectionTests+WhenCheckingExistsByPredicate.ShouldReturnTrueIfAtLeastOneExists" methodname="ShouldReturnTrueIfAtLeastOneExists" classname="LiteDB.Sync.Tests.Unit.LiteSyncCollection.LiteSyncCollectionTests+WhenCheckingExistsByPredicate" runstate="Runnable" seed="599467899" result="Passed" start-time="2017-06-01 12:34:20Z" end-time="2017-06-01 12:34:20Z" duration="0.004767" asserts="2" />
              </test-suite>
              <test-suite type="TestFixture" id="0-1026" name="LiteSyncCollectionTests+WhenCheckingExistsByQuery" fullname="LiteDB.Sync.Tests.Unit.LiteSyncCollection.LiteSyncCollectionTests+WhenCheckingExistsByQuery" classname="LiteDB.Sync.Tests.Unit.LiteSyncCollection.LiteSyncCollectionTests+WhenCheckingExistsByQuery" runstate="Runnable" testcasecount="2" result="Passed" start-time="2017-06-01 12:34:20Z" end-time="2017-06-01 12:34:20Z" duration="0.011015" total="2" passed="2" failed="0" warnings="0" inconclusive="0" skipped="0" asserts="4">
                <test-case id="0-1028" name="ShouldReturnFalseIfNonExists" fullname="LiteDB.Sync.Tests.Unit.LiteSyncCollection.LiteSyncCollectionTests+WhenCheckingExistsByQuery.ShouldReturnFalseIfNonExists" methodname="ShouldReturnFalseIfNonExists" classname="LiteDB.Sync.Tests.Unit.LiteSyncCollection.LiteSyncCollectionTests+WhenCheckingExistsByQuery" runstate="Runnable" seed="147051452" result="Passed" start-time="2017-06-01 12:34:20Z" end-time="2017-06-01 12:34:20Z" duration="0.002701" asserts="2" />
                <test-case id="0-1027" name="ShouldReturnTrueIfAtLeastOneExists" fullname="LiteDB.Sync.Tests.Unit.LiteSyncCollection.LiteSyncCollectionTests+WhenCheckingExistsByQuery.ShouldReturnTrueIfAtLeastOneExists" methodname="ShouldReturnTrueIfAtLeastOneExists" classname="LiteDB.Sync.Tests.Unit.LiteSyncCollection.LiteSyncCollectionTests+WhenCheckingExistsByQuery" runstate="Runnable" seed="681378972" result="Passed" start-time="2017-06-01 12:34:20Z" end-time="2017-06-01 12:34:20Z" duration="0.001119" asserts="2" />
              </test-suite>
              <test-suite type="TestFixture" id="0-1003" name="LiteSyncCollectionTests+WhenCountingAll" fullname="LiteDB.Sync.Tests.Unit.LiteSyncCollection.LiteSyncCollectionTests+WhenCountingAll" classname="LiteDB.Sync.Tests.Unit.LiteSyncCollection.LiteSyncCollectionTests+WhenCountingAll" runstate="Runnable" testcasecount="1" result="Passed" start-time="2017-06-01 12:34:20Z" end-time="2017-06-01 12:34:20Z" duration="0.005915" total="1" passed="1" failed="0" warnings="0" inconclusive="0" skipped="0" asserts="2">
                <test-case id="0-1004" name="ShouldReturnCount" fullname="LiteDB.Sync.Tests.Unit.LiteSyncCollection.LiteSyncCollectionTests+WhenCountingAll.ShouldReturnCount" methodname="ShouldReturnCount" classname="LiteDB.Sync.Tests.Unit.LiteSyncCollection.LiteSyncCollectionTests+WhenCountingAll" runstate="Runnable" seed="747410460" result="Passed" start-time="2017-06-01 12:34:20Z" end-time="2017-06-01 12:34:20Z" duration="0.002683" asserts="2" />
              </test-suite>
              <test-suite type="TestFixture" id="0-1007" name="LiteSyncCollectionTests+WhenCountingWithPredicate" fullname="LiteDB.Sync.Tests.Unit.LiteSyncCollection.LiteSyncCollectionTests+WhenCountingWithPredicate" classname="LiteDB.Sync.Tests.Unit.LiteSyncCollection.LiteSyncCollectionTests+WhenCountingWithPredicate" runstate="Runnable" testcasecount="1" result="Passed" start-time="2017-06-01 12:34:20Z" end-time="2017-06-01 12:34:20Z" duration="0.014113" total="1" passed="1" failed="0" warnings="0" inconclusive="0" skipped="0" asserts="2">
                <test-case id="0-1008" name="ShouldIgnoreSoftDeletedItems" fullname="LiteDB.Sync.Tests.Unit.LiteSyncCollection.LiteSyncCollectionTests+WhenCountingWithPredicate.ShouldIgnoreSoftDeletedItems" methodname="ShouldIgnoreSoftDeletedItems" classname="LiteDB.Sync.Tests.Unit.LiteSyncCollection.LiteSyncCollectionTests+WhenCountingWithPredicate" runstate="Runnable" seed="578210988" result="Passed" start-time="2017-06-01 12:34:20Z" end-time="2017-06-01 12:34:20Z" duration="0.011262" asserts="2" />
              </test-suite>
              <test-suite type="TestFixture" id="0-1011" name="LiteSyncCollectionTests+WhenCountingWithQuery" fullname="LiteDB.Sync.Tests.Unit.LiteSyncCollection.LiteSyncCollectionTests+WhenCountingWithQuery" classname="LiteDB.Sync.Tests.Unit.LiteSyncCollection.LiteSyncCollectionTests+WhenCountingWithQuery" runstate="Runnable" testcasecount="1" result="Passed" start-time="2017-06-01 12:34:20Z" end-time="2017-06-01 12:34:20Z" duration="0.005001" total="1" passed="1" failed="0" warnings="0" inconclusive="0" skipped="0" asserts="2">
                <test-case id="0-1012" name="ShouldIgnoreSoftDeletedItems" fullname="LiteDB.Sync.Tests.Unit.LiteSyncCollection.LiteSyncCollectionTests+WhenCountingWithQuery.ShouldIgnoreSoftDeletedItems" methodname="ShouldIgnoreSoftDeletedItems" classname="LiteDB.Sync.Tests.Unit.LiteSyncCollection.LiteSyncCollectionTests+WhenCountingWithQuery" runstate="Runnable" seed="387970111" result="Passed" start-time="2017-06-01 12:34:20Z" end-time="2017-06-01 12:34:20Z" duration="0.001439" asserts="2" />
              </test-suite>
              <test-suite type="TestFixture" id="0-1018" name="LiteSyncCollectionTests+WhenDeletingItemsByPredicate" fullname="LiteDB.Sync.Tests.Unit.LiteSyncCollection.LiteSyncCollectionTests+WhenDeletingItemsByPredicate" classname="LiteDB.Sync.Tests.Unit.LiteSyncCollection.LiteSyncCollectionTests+WhenDeletingItemsByPredicate" runstate="Runnable" testcasecount="3" result="Passed" start-time="2017-06-01 12:34:21Z" end-time="2017-06-01 12:34:21Z" duration="0.058052" total="3" passed="3" failed="0" warnings="0" inconclusive="0" skipped="0" asserts="20">
                <test-case id="0-1020" name="DeletedEntitiesShouldContainIdEvenIfDeletingByOtherField" fullname="LiteDB.Sync.Tests.Unit.LiteSyncCollection.LiteSyncCollectionTests+WhenDeletingItemsByPredicate.DeletedEntitiesShouldContainIdEvenIfDeletingByOtherField" methodname="DeletedEntitiesShouldContainIdEvenIfDeletingByOtherField" classname="LiteDB.Sync.Tests.Unit.LiteSyncCollection.LiteSyncCollectionTests+WhenDeletingItemsByPredicate" runstate="Runnable" seed="472971455" result="Passed" start-time="2017-06-01 12:34:21Z" end-time="2017-06-01 12:34:21Z" duration="0.040226" asserts="7" />
                <test-case id="0-1019" name="ShouldCreateDeletedEntities" fullname="LiteDB.Sync.Tests.Unit.LiteSyncCollection.LiteSyncCollectionTests+WhenDeletingItemsByPredicate.ShouldCreateDeletedEntities" methodname="ShouldCreateDeletedEntities" classname="LiteDB.Sync.Tests.Unit.LiteSyncCollection.LiteSyncCollectionTests+WhenDeletingItemsByPredicate" runstate="Runnable" seed="1304793376" result="Passed" start-time="2017-06-01 12:34:21Z" end-time="2017-06-01 12:34:21Z" duration="0.005568" asserts="7" />
                <test-case id="0-1021" name="ShouldReturnZeroIfNoItemsMatch" fullname="LiteDB.Sync.Tests.Unit.LiteSyncCollection.LiteSyncCollectionTests+WhenDeletingItemsByPredicate.ShouldReturnZeroIfNoItemsMatch" methodname="ShouldReturnZeroIfNoItemsMatch" classname="LiteDB.Sync.Tests.Unit.LiteSyncCollection.LiteSyncCollectionTests+WhenDeletingItemsByPredicate" runstate="Runnable" seed="879819052" result="Passed" start-time="2017-06-01 12:34:21Z" end-time="2017-06-01 12:34:21Z" duration="0.001462" asserts="6" />
              </test-suite>
              <test-suite type="TestFixture" id="0-1022" name="LiteSyncCollectionTests+WhenDeletingItemsByQuery" fullname="LiteDB.Sync.Tests.Unit.LiteSyncCollection.LiteSyncCollectionTests+WhenDeletingItemsByQuery" classname="LiteDB.Sync.Tests.Unit.LiteSyncCollection.LiteSyncCollectionTests+WhenDeletingItemsByQuery" runstate="Runnable" testcasecount="3" result="Passed" start-time="2017-06-01 12:34:21Z" end-time="2017-06-01 12:34:21Z" duration="0.017510" total="3" passed="3" failed="0" warnings="0" inconclusive="0" skipped="0" asserts="20">
                <test-case id="0-1024" name="DeletedEntitiesShouldContainIdEvenIfDeletingByOtherField" fullname="LiteDB.Sync.Tests.Unit.LiteSyncCollection.LiteSyncCollectionTests+WhenDeletingItemsByQuery.DeletedEntitiesShouldContainIdEvenIfDeletingByOtherField" methodname="DeletedEntitiesShouldContainIdEvenIfDeletingByOtherField" classname="LiteDB.Sync.Tests.Unit.LiteSyncCollection.LiteSyncCollectionTests+WhenDeletingItemsByQuery" runstate="Runnable" seed="219840957" result="Passed" start-time="2017-06-01 12:34:21Z" end-time="2017-06-01 12:34:21Z" duration="0.004768" asserts="7" />
                <test-case id="0-1023" name="ShouldCreateDeletedEntities" fullname="LiteDB.Sync.Tests.Unit.LiteSyncCollection.LiteSyncCollectionTests+WhenDeletingItemsByQuery.ShouldCreateDeletedEntities" methodname="ShouldCreateDeletedEntities" classname="LiteDB.Sync.Tests.Unit.LiteSyncCollection.LiteSyncCollectionTests+WhenDeletingItemsByQuery" runstate="Runnable" seed="1720097417" result="Passed" start-time="2017-06-01 12:34:21Z" end-time="2017-06-01 12:34:21Z" duration="0.002519" asserts="7" />
                <test-case id="0-1025" name="ShouldReturnZeroIfNoItemsMatch" fullname="LiteDB.Sync.Tests.Unit.LiteSyncCollection.LiteSyncCollectionTests+WhenDeletingItemsByQuery.ShouldReturnZeroIfNoItemsMatch" methodname="ShouldReturnZeroIfNoItemsMatch" classname="LiteDB.Sync.Tests.Unit.LiteSyncCollection.LiteSyncCollectionTests+WhenDeletingItemsByQuery" runstate="Runnable" seed="14404871" result="Passed" start-time="2017-06-01 12:34:21Z" end-time="2017-06-01 12:34:21Z" duration="0.001142" asserts="6" />
              </test-suite>
              <test-suite type="TestFixture" id="0-1015" name="LiteSyncCollectionTests+WhenDeletingSingleItem" fullname="LiteDB.Sync.Tests.Unit.LiteSyncCollection.LiteSyncCollectionTests+WhenDeletingSingleItem" classname="LiteDB.Sync.Tests.Unit.LiteSyncCollection.LiteSyncCollectionTests+WhenDeletingSingleItem" runstate="Runnable" testcasecount="2" result="Passed" start-time="2017-06-01 12:34:21Z" end-time="2017-06-01 12:34:21Z" duration="0.012006" total="2" passed="2" failed="0" warnings="0" inconclusive="0" skipped="0" asserts="5">
                <test-case id="0-1016" name="ShouldCreateDeletedEntityRecord" fullname="LiteDB.Sync.Tests.Unit.LiteSyncCollection.LiteSyncCollectionTests+WhenDeletingSingleItem.ShouldCreateDeletedEntityRecord" methodname="ShouldCreateDeletedEntityRecord" classname="LiteDB.Sync.Tests.Unit.LiteSyncCollection.LiteSyncCollectionTests+WhenDeletingSingleItem" runstate="Runnable" seed="1615265913" result="Passed" start-time="2017-06-01 12:34:21Z" end-time="2017-06-01 12:34:21Z" duration="0.003318" asserts="2" />
                <test-case id="0-1017" name="ShouldNotCreateDeletedEntityWhenOriginalEntityNotExist" fullname="LiteDB.Sync.Tests.Unit.LiteSyncCollection.LiteSyncCollectionTests+WhenDeletingSingleItem.ShouldNotCreateDeletedEntityWhenOriginalEntityNotExist" methodname="ShouldNotCreateDeletedEntityWhenOriginalEntityNotExist" classname="LiteDB.Sync.Tests.Unit.LiteSyncCollection.LiteSyncCollectionTests+WhenDeletingSingleItem" runstate="Runnable" seed="728881299" result="Passed" start-time="2017-06-01 12:34:21Z" end-time="2017-06-01 12:34:21Z" duration="0.000804" asserts="3" />
              </test-suite>
              <test-suite type="TestFixture" id="0-1032" name="LiteSyncCollectionTests+WhenFindingAll" fullname="LiteDB.Sync.Tests.Unit.LiteSyncCollection.LiteSyncCollectionTests+WhenFindingAll" classname="LiteDB.Sync.Tests.Unit.LiteSyncCollection.LiteSyncCollectionTests+WhenFindingAll" runstate="Runnable" testcasecount="1" result="Passed" start-time="2017-06-01 12:34:21Z" end-time="2017-06-01 12:34:21Z" duration="0.005040" total="1" passed="1" failed="0" warnings="0" inconclusive="0" skipped="0" asserts="2">
                <test-case id="0-1033" name="ShouldReturnAllItems" fullname="LiteDB.Sync.Tests.Unit.LiteSyncCollection.LiteSyncCollectionTests+WhenFindingAll.ShouldReturnAllItems" methodname="ShouldReturnAllItems" classname="LiteDB.Sync.Tests.Unit.LiteSyncCollection.LiteSyncCollectionTests+WhenFindingAll" runstate="Runnable" seed="1559935328" result="Passed" start-time="2017-06-01 12:34:21Z" end-time="2017-06-01 12:34:21Z" duration="0.001544" asserts="2" />
              </test-suite>
              <test-suite type="TestFixture" id="0-1038" name="LiteSyncCollectionTests+WhenFindingById" fullname="LiteDB.Sync.Tests.Unit.LiteSyncCollection.LiteSyncCollectionTests+WhenFindingById" classname="LiteDB.Sync.Tests.Unit.LiteSyncCollection.LiteSyncCollectionTests+WhenFindingById" runstate="Runnable" testcasecount="1" result="Passed" start-time="2017-06-01 12:34:21Z" end-time="2017-06-01 12:34:21Z" duration="0.006015" total="1" passed="1" failed="0" warnings="0" inconclusive="0" skipped="0" asserts="3">
                <test-case id="0-1039" name="ShouldReturnItemIfFound" fullname="LiteDB.Sync.Tests.Unit.LiteSyncCollection.LiteSyncCollectionTests+WhenFindingById.ShouldReturnItemIfFound" methodname="ShouldReturnItemIfFound" classname="LiteDB.Sync.Tests.Unit.LiteSyncCollection.LiteSyncCollectionTests+WhenFindingById" runstate="Runnable" seed="891031570" result="Passed" start-time="2017-06-01 12:34:21Z" end-time="2017-06-01 12:34:21Z" duration="0.002157" asserts="3" />
              </test-suite>
              <test-suite type="TestFixture" id="0-1040" name="LiteSyncCollectionTests+WhenFindingMultipleByPredicate" fullname="LiteDB.Sync.Tests.Unit.LiteSyncCollection.LiteSyncCollectionTests+WhenFindingMultipleByPredicate" classname="LiteDB.Sync.Tests.Unit.LiteSyncCollection.LiteSyncCollectionTests+WhenFindingMultipleByPredicate" runstate="Runnable" testcasecount="1" result="Passed" start-time="2017-06-01 12:34:21Z" end-time="2017-06-01 12:34:21Z" duration="0.005951" total="1" passed="1" failed="0" warnings="0" inconclusive="0" skipped="0" asserts="3">
                <test-case id="0-1041" name="ShouldNotReturnSoftDeletedItems" fullname="LiteDB.Sync.Tests.Unit.LiteSyncCollection.LiteSyncCollectionTests+WhenFindingMultipleByPredicate.ShouldNotReturnSoftDeletedItems" methodname="ShouldNotReturnSoftDeletedItems" classname="LiteDB.Sync.Tests.Unit.LiteSyncCollection.LiteSyncCollectionTests+WhenFindingMultipleByPredicate" runstate="Runnable" seed="2008122360" result="Passed" start-time="2017-06-01 12:34:21Z" end-time="2017-06-01 12:34:21Z" duration="0.002138" asserts="3" />
              </test-suite>
              <test-suite type="TestFixture" id="0-1042" name="LiteSyncCollectionTests+WhenFindingMultipleByQuery" fullname="LiteDB.Sync.Tests.Unit.LiteSyncCollection.LiteSyncCollectionTests+WhenFindingMultipleByQuery" classname="LiteDB.Sync.Tests.Unit.LiteSyncCollection.LiteSyncCollectionTests+WhenFindingMultipleByQuery" runstate="Runnable" testcasecount="1" result="Passed" start-time="2017-06-01 12:34:21Z" end-time="2017-06-01 12:34:21Z" duration="0.004504" total="1" passed="1" failed="0" warnings="0" inconclusive="0" skipped="0" asserts="3">
                <test-case id="0-1043" name="ShouldNotReturnSoftDeletedItems" fullname="LiteDB.Sync.Tests.Unit.LiteSyncCollection.LiteSyncCollectionTests+WhenFindingMultipleByQuery.ShouldNotReturnSoftDeletedItems" methodname="ShouldNotReturnSoftDeletedItems" classname="LiteDB.Sync.Tests.Unit.LiteSyncCollection.LiteSyncCollectionTests+WhenFindingMultipleByQuery" runstate="Runnable" seed="298276436" result="Passed" start-time="2017-06-01 12:34:21Z" end-time="2017-06-01 12:34:21Z" duration="0.001876" asserts="3" />
              </test-suite>
              <test-suite type="TestFixture" id="0-1036" name="LiteSyncCollectionTests+WhenFindingOneByPredicate" fullname="LiteDB.Sync.Tests.Unit.LiteSyncCollection.LiteSyncCollectionTests+WhenFindingOneByPredicate" classname="LiteDB.Sync.Tests.Unit.LiteSyncCollection.LiteSyncCollectionTests+WhenFindingOneByPredicate" runstate="Runnable" testcasecount="1" result="Passed" start-time="2017-06-01 12:34:21Z" end-time="2017-06-01 12:34:21Z" duration="0.005988" total="1" passed="1" failed="0" warnings="0" inconclusive="0" skipped="0" asserts="3">
                <test-case id="0-1037" name="ShouldReturnFirstItem" fullname="LiteDB.Sync.Tests.Unit.LiteSyncCollection.LiteSyncCollectionTests+WhenFindingOneByPredicate.ShouldReturnFirstItem" methodname="ShouldReturnFirstItem" classname="LiteDB.Sync.Tests.Unit.LiteSyncCollection.LiteSyncCollectionTests+WhenFindingOneByPredicate" runstate="Runnable" seed="394095538" result="Passed" start-time="2017-06-01 12:34:21Z" end-time="2017-06-01 12:34:21Z" duration="0.001975" asserts="3" />
              </test-suite>
              <test-suite type="TestFixture" id="0-1034" name="LiteSyncCollectionTests+WhenFindingOneByQuery" fullname="LiteDB.Sync.Tests.Unit.LiteSyncCollection.LiteSyncCollectionTests+WhenFindingOneByQuery" classname="LiteDB.Sync.Tests.Unit.LiteSyncCollection.LiteSyncCollectionTests+WhenFindingOneByQuery" runstate="Runnable" testcasecount="1" result="Passed" start-time="2017-06-01 12:34:21Z" end-time="2017-06-01 12:34:21Z" duration="0.006046" total="1" passed="1" failed="0" warnings="0" inconclusive="0" skipped="0" asserts="3">
                <test-case id="0-1035" name="ShouldReturnFirstItem" fullname="LiteDB.Sync.Tests.Unit.LiteSyncCollection.LiteSyncCollectionTests+WhenFindingOneByQuery.ShouldReturnFirstItem" methodname="ShouldReturnFirstItem" classname="LiteDB.Sync.Tests.Unit.LiteSyncCollection.LiteSyncCollectionTests+WhenFindingOneByQuery" runstate="Runnable" seed="613667449" result="Passed" start-time="2017-06-01 12:34:21Z" end-time="2017-06-01 12:34:21Z" duration="0.001962" asserts="3" />
              </test-suite>
              <test-suite type="TestFixture" id="0-1053" name="LiteSyncCollectionTests+WhenInsertingBulk" fullname="LiteDB.Sync.Tests.Unit.LiteSyncCollection.LiteSyncCollectionTests+WhenInsertingBulk" classname="LiteDB.Sync.Tests.Unit.LiteSyncCollection.LiteSyncCollectionTests+WhenInsertingBulk" runstate="Runnable" testcasecount="3" result="Passed" start-time="2017-06-01 12:34:21Z" end-time="2017-06-01 12:34:21Z" duration="0.069126" total="3" passed="3" failed="0" warnings="0" inconclusive="0" skipped="0" asserts="12">
                <test-case id="0-1054" name="ShouldInsertItems" fullname="LiteDB.Sync.Tests.Unit.LiteSyncCollection.LiteSyncCollectionTests+WhenInsertingBulk.ShouldInsertItems" methodname="ShouldInsertItems" classname="LiteDB.Sync.Tests.Unit.LiteSyncCollection.LiteSyncCollectionTests+WhenInsertingBulk" runstate="Runnable" seed="898071618" result="Passed" start-time="2017-06-01 12:34:21Z" end-time="2017-06-01 12:34:21Z" duration="0.024621" asserts="4" />
                <test-case id="0-1055" name="ShouldRemoveDeletedEntities" fullname="LiteDB.Sync.Tests.Unit.LiteSyncCollection.LiteSyncCollectionTests+WhenInsertingBulk.ShouldRemoveDeletedEntities" methodname="ShouldRemoveDeletedEntities" classname="LiteDB.Sync.Tests.Unit.LiteSyncCollection.LiteSyncCollectionTests+WhenInsertingBulk" runstate="Runnable" seed="630526590" result="Passed" start-time="2017-06-01 12:34:21Z" end-time="2017-06-01 12:34:21Z" duration="0.018247" asserts="4" />
                <test-case id="0-1056" name="ShouldRemoveDeletedEntitiesOnPartialFailure" fullname="LiteDB.Sync.Tests.Unit.LiteSyncCollection.LiteSyncCollectionTests+WhenInsertingBulk.ShouldRemoveDeletedEntitiesOnPartialFailure" methodname="ShouldRemoveDeletedEntitiesOnPartialFailure" classname="LiteDB.Sync.Tests.Unit.LiteSyncCollection.LiteSyncCollectionTests+WhenInsertingBulk" runstate="Runnable" seed="1996748957" result="Passed" start-time="2017-06-01 12:34:21Z" end-time="2017-06-01 12:34:21Z" duration="0.015216" asserts="4" />
              </test-suite>
              <test-suite type="TestFixture" id="0-1050" name="LiteSyncCollectionTests+WhenInsertingMultiple" fullname="LiteDB.Sync.Tests.Unit.LiteSyncCollection.LiteSyncCollectionTests+WhenInsertingMultiple" classname="LiteDB.Sync.Tests.Unit.LiteSyncCollection.LiteSyncCollectionTests+WhenInsertingMultiple" runstate="Runnable" testcasecount="2" result="Passed" start-time="2017-06-01 12:34:21Z" end-time="2017-06-01 12:34:21Z" duration="0.015006" total="2" passed="2" failed="0" warnings="0" inconclusive="0" skipped="0" asserts="9">
                <test-case id="0-1051" name="ShouldInsertItems" fullname="LiteDB.Sync.Tests.Unit.LiteSyncCollection.LiteSyncCollectionTests+WhenInsertingMultiple.ShouldInsertItems" methodname="ShouldInsertItems" classname="LiteDB.Sync.Tests.Unit.LiteSyncCollection.LiteSyncCollectionTests+WhenInsertingMultiple" runstate="Runnable" seed="1141865579" result="Passed" start-time="2017-06-01 12:34:21Z" end-time="2017-06-01 12:34:21Z" duration="0.005118" asserts="4" />
                <test-case id="0-1052" name="ShouldRemoveDeletedEntity" fullname="LiteDB.Sync.Tests.Unit.LiteSyncCollection.LiteSyncCollectionTests+WhenInsertingMultiple.ShouldRemoveDeletedEntity" methodname="ShouldRemoveDeletedEntity" classname="LiteDB.Sync.Tests.Unit.LiteSyncCollection.LiteSyncCollectionTests+WhenInsertingMultiple" runstate="Runnable" seed="2124321064" result="Passed" start-time="2017-06-01 12:34:21Z" end-time="2017-06-01 12:34:21Z" duration="0.001946" asserts="5" />
              </test-suite>
              <test-suite type="TestFixture" id="0-1044" name="LiteSyncCollectionTests+WhenInsertingSingle" fullname="LiteDB.Sync.Tests.Unit.LiteSyncCollection.LiteSyncCollectionTests+WhenInsertingSingle" classname="LiteDB.Sync.Tests.Unit.LiteSyncCollection.LiteSyncCollectionTests+WhenInsertingSingle" runstate="Runnable" testcasecount="2" result="Passed" start-time="2017-06-01 12:34:21Z" end-time="2017-06-01 12:34:21Z" duration="0.009994" total="2" passed="2" failed="0" warnings="0" inconclusive="0" skipped="0" asserts="7">
                <test-case id="0-1045" name="ShouldInsertItem" fullname="LiteDB.Sync.Tests.Unit.LiteSyncCollection.LiteSyncCollectionTests+WhenInsertingSingle.ShouldInsertItem" methodname="ShouldInsertItem" classname="LiteDB.Sync.Tests.Unit.LiteSyncCollection.LiteSyncCollectionTests+WhenInsertingSingle" runstate="Runnable" seed="2033164456" result="Passed" start-time="2017-06-01 12:34:21Z" end-time="2017-06-01 12:34:21Z" duration="0.001858" asserts="3" />
                <test-case id="0-1046" name="ShouldRemoveDeletedEntity" fullname="LiteDB.Sync.Tests.Unit.LiteSyncCollection.LiteSyncCollectionTests+WhenInsertingSingle.ShouldRemoveDeletedEntity" methodname="ShouldRemoveDeletedEntity" classname="LiteDB.Sync.Tests.Unit.LiteSyncCollection.LiteSyncCollectionTests+WhenInsertingSingle" runstate="Runnable" seed="1959306146" result="Passed" start-time="2017-06-01 12:34:21Z" end-time="2017-06-01 12:34:21Z" duration="0.001757" asserts="4" />
              </test-suite>
              <test-suite type="TestFixture" id="0-1047" name="LiteSyncCollectionTests+WhenInsertingSingleWithExplicitId" fullname="LiteDB.Sync.Tests.Unit.LiteSyncCollection.LiteSyncCollectionTests+WhenInsertingSingleWithExplicitId" classname="LiteDB.Sync.Tests.Unit.LiteSyncCollection.LiteSyncCollectionTests+WhenInsertingSingleWithExplicitId" runstate="Runnable" testcasecount="2" result="Passed" start-time="2017-06-01 12:34:21Z" end-time="2017-06-01 12:34:21Z" duration="0.010031" total="2" passed="2" failed="0" warnings="0" inconclusive="0" skipped="0" asserts="7">
                <test-case id="0-1048" name="ShouldInsertItem" fullname="LiteDB.Sync.Tests.Unit.LiteSyncCollection.LiteSyncCollectionTests+WhenInsertingSingleWithExplicitId.ShouldInsertItem" methodname="ShouldInsertItem" classname="LiteDB.Sync.Tests.Unit.LiteSyncCollection.LiteSyncCollectionTests+WhenInsertingSingleWithExplicitId" runstate="Runnable" seed="1381909144" result="Passed" start-time="2017-06-01 12:34:21Z" end-time="2017-06-01 12:34:21Z" duration="0.002257" asserts="3" />
                <test-case id="0-1049" name="ShouldRemoveDeletedEntity" fullname="LiteDB.Sync.Tests.Unit.LiteSyncCollection.LiteSyncCollectionTests+WhenInsertingSingleWithExplicitId.ShouldRemoveDeletedEntity" methodname="ShouldRemoveDeletedEntity" classname="LiteDB.Sync.Tests.Unit.LiteSyncCollection.LiteSyncCollectionTests+WhenInsertingSingleWithExplicitId" runstate="Runnable" seed="2046457741" result="Passed" start-time="2017-06-01 12:34:21Z" end-time="2017-06-01 12:34:21Z" duration="0.001994" asserts="4" />
              </test-suite>
              <test-suite type="TestFixture" id="0-1005" name="LiteSyncCollectionTests+WhenLongCountingAll" fullname="LiteDB.Sync.Tests.Unit.LiteSyncCollection.LiteSyncCollectionTests+WhenLongCountingAll" classname="LiteDB.Sync.Tests.Unit.LiteSyncCollection.LiteSyncCollectionTests+WhenLongCountingAll" runstate="Runnable" testcasecount="1" result="Passed" start-time="2017-06-01 12:34:21Z" end-time="2017-06-01 12:34:21Z" duration="0.005631" total="1" passed="1" failed="0" warnings="0" inconclusive="0" skipped="0" asserts="2">
                <test-case id="0-1006" name="ShouldReturnCount" fullname="LiteDB.Sync.Tests.Unit.LiteSyncCollection.LiteSyncCollectionTests+WhenLongCountingAll.ShouldReturnCount" methodname="ShouldReturnCount" classname="LiteDB.Sync.Tests.Unit.LiteSyncCollection.LiteSyncCollectionTests+WhenLongCountingAll" runstate="Runnable" seed="1151831983" result="Passed" start-time="2017-06-01 12:34:21Z" end-time="2017-06-01 12:34:21Z" duration="0.002214" asserts="2" />
              </test-suite>
              <test-suite type="TestFixture" id="0-1009" name="LiteSyncCollectionTests+WhenLongCountingWithPredicate" fullname="LiteDB.Sync.Tests.Unit.LiteSyncCollection.LiteSyncCollectionTests+WhenLongCountingWithPredicate" classname="LiteDB.Sync.Tests.Unit.LiteSyncCollection.LiteSyncCollectionTests+WhenLongCountingWithPredicate" runstate="Runnable" testcasecount="1" result="Passed" start-time="2017-06-01 12:34:21Z" end-time="2017-06-01 12:34:21Z" duration="0.006057" total="1" passed="1" failed="0" warnings="0" inconclusive="0" skipped="0" asserts="2">
                <test-case id="0-1010" name="ShouldIgnoreSoftDeletedItems" fullname="LiteDB.Sync.Tests.Unit.LiteSyncCollection.LiteSyncCollectionTests+WhenLongCountingWithPredicate.ShouldIgnoreSoftDeletedItems" methodname="ShouldIgnoreSoftDeletedItems" classname="LiteDB.Sync.Tests.Unit.LiteSyncCollection.LiteSyncCollectionTests+WhenLongCountingWithPredicate" runstate="Runnable" seed="1542702707" result="Passed" start-time="2017-06-01 12:34:21Z" end-time="2017-06-01 12:34:21Z" duration="0.002157" asserts="2" />
              </test-suite>
              <test-suite type="TestFixture" id="0-1013" name="LiteSyncCollectionTests+WhenLongCountingWithQuery" fullname="LiteDB.Sync.Tests.Unit.LiteSyncCollection.LiteSyncCollectionTests+WhenLongCountingWithQuery" classname="LiteDB.Sync.Tests.Unit.LiteSyncCollection.LiteSyncCollectionTests+WhenLongCountingWithQuery" runstate="Runnable" testcasecount="1" result="Passed" start-time="2017-06-01 12:34:21Z" end-time="2017-06-01 12:34:21Z" duration="0.005021" total="1" passed="1" failed="0" warnings="0" inconclusive="0" skipped="0" asserts="2">
                <test-case id="0-1014" name="ShouldIgnoreSoftDeletedItems" fullname="LiteDB.Sync.Tests.Unit.LiteSyncCollection.LiteSyncCollectionTests+WhenLongCountingWithQuery.ShouldIgnoreSoftDeletedItems" methodname="ShouldIgnoreSoftDeletedItems" classname="LiteDB.Sync.Tests.Unit.LiteSyncCollection.LiteSyncCollectionTests+WhenLongCountingWithQuery" runstate="Runnable" seed="728950683" result="Passed" start-time="2017-06-01 12:34:21Z" end-time="2017-06-01 12:34:21Z" duration="0.001412" asserts="2" />
              </test-suite>
              <test-suite type="TestFixture" id="0-1061" name="LiteSyncCollectionTests+WhenUpdatingMultiple" fullname="LiteDB.Sync.Tests.Unit.LiteSyncCollection.LiteSyncCollectionTests+WhenUpdatingMultiple" classname="LiteDB.Sync.Tests.Unit.LiteSyncCollection.LiteSyncCollectionTests+WhenUpdatingMultiple" runstate="Runnable" testcasecount="1" result="Passed" start-time="2017-06-01 12:34:21Z" end-time="2017-06-01 12:34:21Z" duration="0.009045" total="1" passed="1" failed="0" warnings="0" inconclusive="0" skipped="0" asserts="4">
                <test-case id="0-1062" name="ShouldSetRequiresSync" fullname="LiteDB.Sync.Tests.Unit.LiteSyncCollection.LiteSyncCollectionTests+WhenUpdatingMultiple.ShouldSetRequiresSync" methodname="ShouldSetRequiresSync" classname="LiteDB.Sync.Tests.Unit.LiteSyncCollection.LiteSyncCollectionTests+WhenUpdatingMultiple" runstate="Runnable" seed="334181714" result="Passed" start-time="2017-06-01 12:34:21Z" end-time="2017-06-01 12:34:21Z" duration="0.005086" asserts="4" />
              </test-suite>
              <test-suite type="TestFixture" id="0-1057" name="LiteSyncCollectionTests+WhenUpdatingSingle" fullname="LiteDB.Sync.Tests.Unit.LiteSyncCollection.LiteSyncCollectionTests+WhenUpdatingSingle" classname="LiteDB.Sync.Tests.Unit.LiteSyncCollection.LiteSyncCollectionTests+WhenUpdatingSingle" runstate="Runnable" testcasecount="1" result="Passed" start-time="2017-06-01 12:34:21Z" end-time="2017-06-01 12:34:21Z" duration="0.006072" total="1" passed="1" failed="0" warnings="0" inconclusive="0" skipped="0" asserts="3">
                <test-case id="0-1058" name="ShouldSetRequiresSync" fullname="LiteDB.Sync.Tests.Unit.LiteSyncCollection.LiteSyncCollectionTests+WhenUpdatingSingle.ShouldSetRequiresSync" methodname="ShouldSetRequiresSync" classname="LiteDB.Sync.Tests.Unit.LiteSyncCollection.LiteSyncCollectionTests+WhenUpdatingSingle" runstate="Runnable" seed="1239673666" result="Passed" start-time="2017-06-01 12:34:21Z" end-time="2017-06-01 12:34:21Z" duration="0.002403" asserts="3" />
              </test-suite>
              <test-suite type="TestFixture" id="0-1059" name="LiteSyncCollectionTests+WhenUpdatingSingleWithExplicitId" fullname="LiteDB.Sync.Tests.Unit.LiteSyncCollection.LiteSyncCollectionTests+WhenUpdatingSingleWithExplicitId" classname="LiteDB.Sync.Tests.Unit.LiteSyncCollection.LiteSyncCollectionTests+WhenUpdatingSingleWithExplicitId" runstate="Runnable" testcasecount="1" result="Passed" start-time="2017-06-01 12:34:21Z" end-time="2017-06-01 12:34:21Z" duration="0.006054" total="1" passed="1" failed="0" warnings="0" inconclusive="0" skipped="0" asserts="3">
                <test-case id="0-1060" name="ShouldSetRequiresSync" fullname="LiteDB.Sync.Tests.Unit.LiteSyncCollection.LiteSyncCollectionTests+WhenUpdatingSingleWithExplicitId.ShouldSetRequiresSync" methodname="ShouldSetRequiresSync" classname="LiteDB.Sync.Tests.Unit.LiteSyncCollection.LiteSyncCollectionTests+WhenUpdatingSingleWithExplicitId" runstate="Runnable" seed="178958000" result="Passed" start-time="2017-06-01 12:34:21Z" end-time="2017-06-01 12:34:21Z" duration="0.002442" asserts="3" />
              </test-suite>
              <test-suite type="TestFixture" id="0-1071" name="LiteSyncCollectionTests+WhenUpsertingMultiple" fullname="LiteDB.Sync.Tests.Unit.LiteSyncCollection.LiteSyncCollectionTests+WhenUpsertingMultiple" classname="LiteDB.Sync.Tests.Unit.LiteSyncCollection.LiteSyncCollectionTests+WhenUpsertingMultiple" runstate="Runnable" testcasecount="3" result="Passed" start-time="2017-06-01 12:34:21Z" end-time="2017-06-01 12:34:21Z" duration="0.014971" total="3" passed="3" failed="0" warnings="0" inconclusive="0" skipped="0" asserts="10">
                <test-case id="0-1072" name="ShouldInsertNonExistingItem" fullname="LiteDB.Sync.Tests.Unit.LiteSyncCollection.LiteSyncCollectionTests+WhenUpsertingMultiple.ShouldInsertNonExistingItem" methodname="ShouldInsertNonExistingItem" classname="LiteDB.Sync.Tests.Unit.LiteSyncCollection.LiteSyncCollectionTests+WhenUpsertingMultiple" runstate="Runnable" seed="1933977533" result="Passed" start-time="2017-06-01 12:34:21Z" end-time="2017-06-01 12:34:21Z" duration="0.001413" asserts="3" />
                <test-case id="0-1074" name="ShouldRemoveDeletedEntity" fullname="LiteDB.Sync.Tests.Unit.LiteSyncCollection.LiteSyncCollectionTests+WhenUpsertingMultiple.ShouldRemoveDeletedEntity" methodname="ShouldRemoveDeletedEntity" classname="LiteDB.Sync.Tests.Unit.LiteSyncCollection.LiteSyncCollectionTests+WhenUpsertingMultiple" runstate="Runnable" seed="1322460849" result="Passed" start-time="2017-06-01 12:34:21Z" end-time="2017-06-01 12:34:21Z" duration="0.001154" asserts="3" />
                <test-case id="0-1073" name="ShouldUpdateExistingItem" fullname="LiteDB.Sync.Tests.Unit.LiteSyncCollection.LiteSyncCollectionTests+WhenUpsertingMultiple.ShouldUpdateExistingItem" methodname="ShouldUpdateExistingItem" classname="LiteDB.Sync.Tests.Unit.LiteSyncCollection.LiteSyncCollectionTests+WhenUpsertingMultiple" runstate="Runnable" seed="317981701" result="Passed" start-time="2017-06-01 12:34:21Z" end-time="2017-06-01 12:34:21Z" duration="0.001613" asserts="4" />
              </test-suite>
              <test-suite type="TestFixture" id="0-1063" name="LiteSyncCollectionTests+WhenUpsertingSingle" fullname="LiteDB.Sync.Tests.Unit.LiteSyncCollection.LiteSyncCollectionTests+WhenUpsertingSingle" classname="LiteDB.Sync.Tests.Unit.LiteSyncCollection.LiteSyncCollectionTests+WhenUpsertingSingle" runstate="Runnable" testcasecount="3" result="Passed" start-time="2017-06-01 12:34:21Z" end-time="2017-06-01 12:34:21Z" duration="0.013562" total="3" passed="3" failed="0" warnings="0" inconclusive="0" skipped="0" asserts="10">
                <test-case id="0-1064" name="ShouldInsertNonExistingItem" fullname="LiteDB.Sync.Tests.Unit.LiteSyncCollection.LiteSyncCollectionTests+WhenUpsertingSingle.ShouldInsertNonExistingItem" methodname="ShouldInsertNonExistingItem" classname="LiteDB.Sync.Tests.Unit.LiteSyncCollection.LiteSyncCollectionTests+WhenUpsertingSingle" runstate="Runnable" seed="194001947" result="Passed" start-time="2017-06-01 12:34:21Z" end-time="2017-06-01 12:34:21Z" duration="0.001101" asserts="3" />
                <test-case id="0-1066" name="ShouldRemoveDeletedEntity" fullname="LiteDB.Sync.Tests.Unit.LiteSyncCollection.LiteSyncCollectionTests+WhenUpsertingSingle.ShouldRemoveDeletedEntity" methodname="ShouldRemoveDeletedEntity" classname="LiteDB.Sync.Tests.Unit.LiteSyncCollection.LiteSyncCollectionTests+WhenUpsertingSingle" runstate="Runnable" seed="710456420" result="Passed" start-time="2017-06-01 12:34:21Z" end-time="2017-06-01 12:34:21Z" duration="0.000984" asserts="3" />
                <test-case id="0-1065" name="ShouldUpdateExistingItem" fullname="LiteDB.Sync.Tests.Unit.LiteSyncCollection.LiteSyncCollectionTests+WhenUpsertingSingle.ShouldUpdateExistingItem" methodname="ShouldUpdateExistingItem" classname="LiteDB.Sync.Tests.Unit.LiteSyncCollection.LiteSyncCollectionTests+WhenUpsertingSingle" runstate="Runnable" seed="420383189" result="Passed" start-time="2017-06-01 12:34:21Z" end-time="2017-06-01 12:34:21Z" duration="0.001352" asserts="4" />
              </test-suite>
              <test-suite type="TestFixture" id="0-1067" name="LiteSyncCollectionTests+WhenUpsertingSingleWithExplicitId" fullname="LiteDB.Sync.Tests.Unit.LiteSyncCollection.LiteSyncCollectionTests+WhenUpsertingSingleWithExplicitId" classname="LiteDB.Sync.Tests.Unit.LiteSyncCollection.LiteSyncCollectionTests+WhenUpsertingSingleWithExplicitId" runstate="Runnable" testcasecount="3" result="Passed" start-time="2017-06-01 12:34:21Z" end-time="2017-06-01 12:34:21Z" duration="0.013991" total="3" passed="3" failed="0" warnings="0" inconclusive="0" skipped="0" asserts="10">
                <test-case id="0-1068" name="ShouldInsertNonExistingItem" fullname="LiteDB.Sync.Tests.Unit.LiteSyncCollection.LiteSyncCollectionTests+WhenUpsertingSingleWithExplicitId.ShouldInsertNonExistingItem" methodname="ShouldInsertNonExistingItem" classname="LiteDB.Sync.Tests.Unit.LiteSyncCollection.LiteSyncCollectionTests+WhenUpsertingSingleWithExplicitId" runstate="Runnable" seed="1501702390" result="Passed" start-time="2017-06-01 12:34:21Z" end-time="2017-06-01 12:34:21Z" duration="0.001969" asserts="3" />
                <test-case id="0-1070" name="ShouldRemoveDeletedEntity" fullname="LiteDB.Sync.Tests.Unit.LiteSyncCollection.LiteSyncCollectionTests+WhenUpsertingSingleWithExplicitId.ShouldRemoveDeletedEntity" methodname="ShouldRemoveDeletedEntity" classname="LiteDB.Sync.Tests.Unit.LiteSyncCollection.LiteSyncCollectionTests+WhenUpsertingSingleWithExplicitId" runstate="Runnable" seed="278955420" result="Passed" start-time="2017-06-01 12:34:21Z" end-time="2017-06-01 12:34:21Z" duration="0.001013" asserts="3" />
                <test-case id="0-1069" name="ShouldUpdateExistingItem" fullname="LiteDB.Sync.Tests.Unit.LiteSyncCollection.LiteSyncCollectionTests+WhenUpsertingSingleWithExplicitId.ShouldUpdateExistingItem" methodname="ShouldUpdateExistingItem" classname="LiteDB.Sync.Tests.Unit.LiteSyncCollection.LiteSyncCollectionTests+WhenUpsertingSingleWithExplicitId" runstate="Runnable" seed="374053212" result="Passed" start-time="2017-06-01 12:34:21Z" end-time="2017-06-01 12:34:21Z" duration="0.001031" asserts="4" />
              </test-suite>
              <test-suite type="TestFixture" id="0-1001" name="LiteSyncDatabaseTests" fullname="LiteDB.Sync.Tests.Unit.LiteSyncCollection.LiteSyncDatabaseTests" classname="LiteDB.Sync.Tests.Unit.LiteSyncCollection.LiteSyncDatabaseTests" runstate="Runnable" testcasecount="0" result="Passed" start-time="2017-06-01 12:34:21Z" end-time="2017-06-01 12:34:21Z" duration="0.000099" total="0" passed="0" failed="0" warnings="0" inconclusive="0" skipped="0" asserts="0" />
              <test-suite type="TestFixture" id="0-1083" name="LiteSyncDatabaseTests+WhenGettingBsonCollection" fullname="LiteDB.Sync.Tests.Unit.LiteSyncCollection.LiteSyncDatabaseTests+WhenGettingBsonCollection" classname="LiteDB.Sync.Tests.Unit.LiteSyncCollection.LiteSyncDatabaseTests+WhenGettingBsonCollection" runstate="Runnable" testcasecount="2" result="Passed" start-time="2017-06-01 12:34:21Z" end-time="2017-06-01 12:34:21Z" duration="0.011030" total="2" passed="2" failed="0" warnings="0" inconclusive="0" skipped="0" asserts="2">
                <test-case id="0-1084" name="ShouldReturnNativeCollectionForNonSynced" fullname="LiteDB.Sync.Tests.Unit.LiteSyncCollection.LiteSyncDatabaseTests+WhenGettingBsonCollection.ShouldReturnNativeCollectionForNonSynced" methodname="ShouldReturnNativeCollectionForNonSynced" classname="LiteDB.Sync.Tests.Unit.LiteSyncCollection.LiteSyncDatabaseTests+WhenGettingBsonCollection" runstate="Runnable" seed="544655980" result="Passed" start-time="2017-06-01 12:34:21Z" end-time="2017-06-01 12:34:21Z" duration="0.002003" asserts="1" />
                <test-case id="0-1085" name="ShouldReturnSyncCollectionForSynced" fullname="LiteDB.Sync.Tests.Unit.LiteSyncCollection.LiteSyncDatabaseTests+WhenGettingBsonCollection.ShouldReturnSyncCollectionForSynced" methodname="ShouldReturnSyncCollectionForSynced" classname="LiteDB.Sync.Tests.Unit.LiteSyncCollection.LiteSyncDatabaseTests+WhenGettingBsonCollection" runstate="Runnable" seed="1363875919" result="Passed" start-time="2017-06-01 12:34:21Z" end-time="2017-06-01 12:34:21Z" duration="0.000926" asserts="1" />
              </test-suite>
              <test-suite type="TestFixture" id="0-1079" name="LiteSyncDatabaseTests+WhenGettingTypedCollectionWithAutoName" fullname="LiteDB.Sync.Tests.Unit.LiteSyncCollection.LiteSyncDatabaseTests+WhenGettingTypedCollectionWithAutoName" classname="LiteDB.Sync.Tests.Unit.LiteSyncCollection.LiteSyncDatabaseTests+WhenGettingTypedCollectionWithAutoName" runstate="Runnable" testcasecount="3" result="Passed" start-time="2017-06-01 12:34:21Z" end-time="2017-06-01 12:34:21Z" duration="0.016051" total="3" passed="3" failed="0" warnings="0" inconclusive="0" skipped="0" asserts="3">
                <test-case id="0-1080" name="ShouldReturnNativeCollectionForNonSynced" fullname="LiteDB.Sync.Tests.Unit.LiteSyncCollection.LiteSyncDatabaseTests+WhenGettingTypedCollectionWithAutoName.ShouldReturnNativeCollectionForNonSynced" methodname="ShouldReturnNativeCollectionForNonSynced" classname="LiteDB.Sync.Tests.Unit.LiteSyncCollection.LiteSyncDatabaseTests+WhenGettingTypedCollectionWithAutoName" runstate="Runnable" seed="469188877" result="Passed" start-time="2017-06-01 12:34:21Z" end-time="2017-06-01 12:34:21Z" duration="0.001694" asserts="1" />
                <test-case id="0-1081" name="ShouldReturnSyncCollectionForSynced" fullname="LiteDB.Sync.Tests.Unit.LiteSyncCollection.LiteSyncDatabaseTests+WhenGettingTypedCollectionWithAutoName.ShouldReturnSyncCollectionForSynced" methodname="ShouldReturnSyncCollectionForSynced" classname="LiteDB.Sync.Tests.Unit.LiteSyncCollection.LiteSyncDatabaseTests+WhenGettingTypedCollectionWithAutoName" runstate="Runnable" seed="1016783199" result="Passed" start-time="2017-06-01 12:34:21Z" end-time="2017-06-01 12:34:21Z" duration="0.000954" asserts="1" />
                <test-case id="0-1082" name="ShouldThrowWhenGettingNonSyncedEntityTypeOnSyncedCollection" fullname="LiteDB.Sync.Tests.Unit.LiteSyncCollection.LiteSyncDatabaseTests+WhenGettingTypedCollectionWithAutoName.ShouldThrowWhenGettingNonSyncedEntityTypeOnSyncedCollection" methodname="ShouldThrowWhenGettingNonSyncedEntityTypeOnSyncedCollection" classname="LiteDB.Sync.Tests.Unit.LiteSyncCollection.LiteSyncDatabaseTests+WhenGettingTypedCollectionWithAutoName" runstate="Runnable" seed="831946029" result="Passed" start-time="2017-06-01 12:34:21Z" end-time="2017-06-01 12:34:21Z" duration="0.001990" asserts="1" />
              </test-suite>
              <test-suite type="TestFixture" id="0-1075" name="LiteSyncDatabaseTests+WhenGettingTypedCollectionWithName" fullname="LiteDB.Sync.Tests.Unit.LiteSyncCollection.LiteSyncDatabaseTests+WhenGettingTypedCollectionWithName" classname="LiteDB.Sync.Tests.Unit.LiteSyncCollection.LiteSyncDatabaseTests+WhenGettingTypedCollectionWithName" runstate="Runnable" testcasecount="3" result="Passed" start-time="2017-06-01 12:34:21Z" end-time="2017-06-01 12:34:21Z" duration="0.013994" total="3" passed="3" failed="0" warnings="0" inconclusive="0" skipped="0" asserts="3">
                <test-case id="0-1076" name="ShouldReturnNativeCollectionForNonSynced" fullname="LiteDB.Sync.Tests.Unit.LiteSyncCollection.LiteSyncDatabaseTests+WhenGettingTypedCollectionWithName.ShouldReturnNativeCollectionForNonSynced" methodname="ShouldReturnNativeCollectionForNonSynced" classname="LiteDB.Sync.Tests.Unit.LiteSyncCollection.LiteSyncDatabaseTests+WhenGettingTypedCollectionWithName" runstate="Runnable" seed="1731055452" result="Passed" start-time="2017-06-01 12:34:21Z" end-time="2017-06-01 12:34:21Z" duration="0.000803" asserts="1" />
                <test-case id="0-1077" name="ShouldReturnSyncCollectionForSynced" fullname="LiteDB.Sync.Tests.Unit.LiteSyncCollection.LiteSyncDatabaseTests+WhenGettingTypedCollectionWithName.ShouldReturnSyncCollectionForSynced" methodname="ShouldReturnSyncCollectionForSynced" classname="LiteDB.Sync.Tests.Unit.LiteSyncCollection.LiteSyncDatabaseTests+WhenGettingTypedCollectionWithName" runstate="Runnable" seed="1117769111" result="Passed" start-time="2017-06-01 12:34:21Z" end-time="2017-06-01 12:34:21Z" duration="0.000986" asserts="1" />
                <test-case id="0-1078" name="ShouldThrowWhenGettingNonSyncedEntityTypeOnSyncedCollection" fullname="LiteDB.Sync.Tests.Unit.LiteSyncCollection.LiteSyncDatabaseTests+WhenGettingTypedCollectionWithName.ShouldThrowWhenGettingNonSyncedEntityTypeOnSyncedCollection" methodname="ShouldThrowWhenGettingNonSyncedEntityTypeOnSyncedCollection" classname="LiteDB.Sync.Tests.Unit.LiteSyncCollection.LiteSyncDatabaseTests+WhenGettingTypedCollectionWithName" runstate="Runnable" seed="1487417209" result="Passed" start-time="2017-06-01 12:34:21Z" end-time="2017-06-01 12:34:21Z" duration="0.001331" asserts="1" />
              </test-suite>
            </test-suite>
          </test-suite>
        </test-suite>
      </test-suite>
    </test-suite>
  </test-suite>
</test-run>